#
# There is insufficient memory for the Java Runtime Environment to continue.
# Native memory allocation (mmap) failed to map 4294967296 bytes for committing reserved memory.
# Possible reasons:
#   The system is out of physical RAM or swap space
#   The process is running with CompressedOops enabled, and the Java Heap may be blocking the growth of the native heap
# Possible solutions:
#   Reduce memory load on the system
#   Increase physical memory or swap space
#   Check if swap backing store is full
#   Decrease Java heap size (-Xmx/-Xms)
#   Decrease number of Java threads
#   Decrease Java thread stack sizes (-Xss)
#   Set larger code cache with -XX:ReservedCodeCacheSize=
# This output file may be truncated or incomplete.
#
#  Out of Memory Error (os_linux.cpp:2852), pid=14252, tid=14254
#
# JRE version:  (11.0.6+10) (build )
# Java VM: OpenJDK 64-Bit Server VM (11.0.6+10-post-Ubuntu-1ubuntu118.04.1, mixed mode, sharing, tiered, compressed oops, g1 gc, linux-amd64)
# No core dump will be written. Core dumps have been disabled. To enable core dumping, try "ulimit -c unlimited" before starting Java again
#

---------------  S U M M A R Y ------------

Command Line: -javaagent:/home/ro/.m2/repository/org/aspectj/aspectjweaver/1.9.5/aspectjweaver-1.9.5.jar -Xms4G -Xmx8G -ea -Dfile.encoding=UTF-8 -Dawt.useSystemAAFontSettings=on -Dswing.aatext=true -Dswing.defaultlaf=com.sun.java.swing.plaf.gtk.GTKLookAndFeel -Dswing.crossplatformlaf=com.sun.java.swing.plaf.gtk.GTKLookAndFeel org.eclipse.jdt.internal.junit.runner.RemoteTestRunner -version 3 -port 43445 -testLoaderClass org.eclipse.jdt.internal.junit4.runner.JUnit4TestLoader -loaderpluginname org.eclipse.jdt.junit4.runtime -classNames definitions.aspectjtest.FunctionTest

Host: Intel(R) Core(TM) i5-3320M CPU @ 2.60GHz, 4 cores, 7G, Ubuntu 18.04.4 LTS
Time: Sun Feb 16 20:03:26 2020 +07 elapsed time: 0 seconds (0d 0h 0m 0s)

---------------  T H R E A D  ---------------

Current thread (0x00007f3da4018000):  JavaThread "Unknown thread" [_thread_in_vm, id=14254, stack(0x00007f3dadb8d000,0x00007f3dadc8e000)]

Stack: [0x00007f3dadb8d000,0x00007f3dadc8e000],  sp=0x00007f3dadc8c220,  free space=1020k
Native frames: (J=compiled Java code, A=aot compiled Java code, j=interpreted, Vv=VM code, C=native code)
V  [libjvm.so+0xdefa33]
V  [libjvm.so+0xdf06bb]
V  [libjvm.so+0x6508a5]
V  [libjvm.so+0xbc9608]
V  [libjvm.so+0xbc161d]
V  [libjvm.so+0x76ed4f]
V  [libjvm.so+0x76efbe]
V  [libjvm.so+0x77b030]
V  [libjvm.so+0x7f6359]
V  [libjvm.so+0x7f6fb2]
V  [libjvm.so+0x7f7419]
V  [libjvm.so+0x72d4df]
V  [libjvm.so+0x72dbcd]
V  [libjvm.so+0xdaa0a2]
V  [libjvm.so+0xdaa336]
V  [libjvm.so+0x817157]
V  [libjvm.so+0xd81ac7]
V  [libjvm.so+0x8d1671]  JNI_CreateJavaVM+0x51
C  [libjli.so+0x4a66]
C  [libjli.so+0x92cd]


---------------  P R O C E S S  ---------------

Threads class SMR info:
_java_thread_list=0x0000557adb8993b0, length=0, elements={
}

Java Threads: ( => current thread )

Other Threads:
  0x00007f3da4031000 GCTaskThread "GC Thread#0" [stack: 0x00007f3da997a000,0x00007f3da9a7a000] [id=14259]
  0x00007f3da406c000 ConcurrentGCThread "G1 Main Marker" [stack: 0x00007f3da8474000,0x00007f3da8574000] [id=14260]
  0x00007f3da406e000 ConcurrentGCThread "G1 Conc#0" [stack: 0x00007f3da8372000,0x00007f3da8472000] [id=14261]

[error occurred during error reporting (printing all threads), id 0xb, SIGSEGV (0xb) at pc=0x00007f3dac172820]

VM state:not at safepoint (not fully initialized)

VM Mutex/Monitor currently owned by a thread:  ([mutex/lock_event])
[0x00007f3da4014c20] Heap_lock - owner thread: 0x00007f3da4018000

Heap address: 0x0000000600000000, size: 8192 MB, Compressed Oops mode: Non-zero based: 0x0000000600000000
Narrow klass base: 0x0000000000000000, Narrow klass shift: 0

GC Heap History (0 events):
No events

Deoptimization events (0 events):
No events

Classes redefined (0 events):
No events

Internal exceptions (0 events):
No events

Events (3 events):
Event: 0.002 Protecting memory [0x00007f3dadb8d000,0x00007f3dadb91000] with protection modes 0
Event: 0.003 Loaded shared library /usr/lib/jvm/java-11-openjdk-amd64/lib/libzip.so
Event: 0.003 Loaded shared library /usr/lib/jvm/java-11-openjdk-amd64/lib/libjimage.so


Dynamic libraries:
700000000-800000000 ---p 00000000 00:00 0 
557ada27a000-557ada27b000 r-xp 00000000 fd:01 6160627                    /usr/lib/jvm/java-11-openjdk-amd64/bin/java
557ada47b000-557ada47c000 r--p 00001000 fd:01 6160627                    /usr/lib/jvm/java-11-openjdk-amd64/bin/java
557ada47c000-557ada47d000 rw-p 00002000 fd:01 6160627                    /usr/lib/jvm/java-11-openjdk-amd64/bin/java
557adb87f000-557adb8a0000 rw-p 00000000 00:00 0                          [heap]
7f3d68000000-7f3d68021000 rw-p 00000000 00:00 0 
7f3d68021000-7f3d6c000000 ---p 00000000 00:00 0 
7f3d70000000-7f3d70021000 rw-p 00000000 00:00 0 
7f3d70021000-7f3d74000000 ---p 00000000 00:00 0 
7f3d74000000-7f3d76000000 rw-p 00000000 00:00 0 
7f3d76000000-7f3d88000000 ---p 00000000 00:00 0 
7f3d88000000-7f3d88021000 rw-p 00000000 00:00 0 
7f3d88021000-7f3d8c000000 ---p 00000000 00:00 0 
7f3d8c80f000-7f3d8c910000 rw-p 00000000 00:00 0 
7f3d8c910000-7f3d8cb80000 rwxp 00000000 00:00 0 
7f3d8cb80000-7f3d8cea0000 ---p 00000000 00:00 0 
7f3d8cea0000-7f3d8d110000 rwxp 00000000 00:00 0 
7f3d8d110000-7f3d943d8000 ---p 00000000 00:00 0 
7f3d943d8000-7f3d94648000 rwxp 00000000 00:00 0 
7f3d94648000-7f3d9b910000 ---p 00000000 00:00 0 
7f3d9b910000-7f3da4000000 r--s 00000000 fd:01 8654184                    /usr/lib/jvm/java-11-openjdk-amd64/lib/modules
7f3da4000000-7f3da4089000 rw-p 00000000 00:00 0 
7f3da4089000-7f3da8000000 ---p 00000000 00:00 0 
7f3da806d000-7f3da8370000 rw-p 00000000 00:00 0 
7f3da8370000-7f3da8371000 ---p 00000000 00:00 0 
7f3da8371000-7f3da8472000 rw-p 00000000 00:00 0 
7f3da8472000-7f3da8473000 ---p 00000000 00:00 0 
7f3da8473000-7f3da8574000 rw-p 00000000 00:00 0 
7f3da8574000-7f3da9574000 ---p 00000000 00:00 0 
7f3da9574000-7f3da9978000 rw-p 00000000 00:00 0 
7f3da9978000-7f3da9979000 ---p 00000000 00:00 0 
7f3da9979000-7f3da9a7f000 rw-p 00000000 00:00 0 
7f3da9a7f000-7f3da9b65000 ---p 00000000 00:00 0 
7f3da9b65000-7f3da9b6a000 rw-p 00000000 00:00 0 
7f3da9b6a000-7f3da9c50000 ---p 00000000 00:00 0 
7f3da9c50000-7f3da9c55000 r-xp 00000000 fd:01 8654166                    /usr/lib/jvm/java-11-openjdk-amd64/lib/libjimage.so
7f3da9c55000-7f3da9e54000 ---p 00005000 fd:01 8654166                    /usr/lib/jvm/java-11-openjdk-amd64/lib/libjimage.so
7f3da9e54000-7f3da9e55000 r--p 00004000 fd:01 8654166                    /usr/lib/jvm/java-11-openjdk-amd64/lib/libjimage.so
7f3da9e55000-7f3da9e56000 rw-p 00005000 fd:01 8654166                    /usr/lib/jvm/java-11-openjdk-amd64/lib/libjimage.so
7f3da9e56000-7f3da9e5d000 r-xp 00000000 fd:01 8654183                    /usr/lib/jvm/java-11-openjdk-amd64/lib/libzip.so
7f3da9e5d000-7f3daa05c000 ---p 00007000 fd:01 8654183                    /usr/lib/jvm/java-11-openjdk-amd64/lib/libzip.so
7f3daa05c000-7f3daa05d000 r--p 00006000 fd:01 8654183                    /usr/lib/jvm/java-11-openjdk-amd64/lib/libzip.so
7f3daa05d000-7f3daa05e000 rw-p 00007000 fd:01 8654183                    /usr/lib/jvm/java-11-openjdk-amd64/lib/libzip.so
7f3daa05e000-7f3daa069000 r-xp 00000000 fd:01 17044197                   /lib/x86_64-linux-gnu/libnss_files-2.27.so
7f3daa069000-7f3daa268000 ---p 0000b000 fd:01 17044197                   /lib/x86_64-linux-gnu/libnss_files-2.27.so
7f3daa268000-7f3daa269000 r--p 0000a000 fd:01 17044197                   /lib/x86_64-linux-gnu/libnss_files-2.27.so
7f3daa269000-7f3daa26a000 rw-p 0000b000 fd:01 17044197                   /lib/x86_64-linux-gnu/libnss_files-2.27.so
7f3daa26a000-7f3daa270000 rw-p 00000000 00:00 0 
7f3daa270000-7f3daa287000 r-xp 00000000 fd:01 17044194                   /lib/x86_64-linux-gnu/libnsl-2.27.so
7f3daa287000-7f3daa486000 ---p 00017000 fd:01 17044194                   /lib/x86_64-linux-gnu/libnsl-2.27.so
7f3daa486000-7f3daa487000 r--p 00016000 fd:01 17044194                   /lib/x86_64-linux-gnu/libnsl-2.27.so
7f3daa487000-7f3daa488000 rw-p 00017000 fd:01 17044194                   /lib/x86_64-linux-gnu/libnsl-2.27.so
7f3daa488000-7f3daa48a000 rw-p 00000000 00:00 0 
7f3daa48a000-7f3daa495000 r-xp 00000000 fd:01 17044199                   /lib/x86_64-linux-gnu/libnss_nis-2.27.so
7f3daa495000-7f3daa694000 ---p 0000b000 fd:01 17044199                   /lib/x86_64-linux-gnu/libnss_nis-2.27.so
7f3daa694000-7f3daa695000 r--p 0000a000 fd:01 17044199                   /lib/x86_64-linux-gnu/libnss_nis-2.27.so
7f3daa695000-7f3daa696000 rw-p 0000b000 fd:01 17044199                   /lib/x86_64-linux-gnu/libnss_nis-2.27.so
7f3daa696000-7f3daa69e000 r-xp 00000000 fd:01 17044195                   /lib/x86_64-linux-gnu/libnss_compat-2.27.so
7f3daa69e000-7f3daa89e000 ---p 00008000 fd:01 17044195                   /lib/x86_64-linux-gnu/libnss_compat-2.27.so
7f3daa89e000-7f3daa89f000 r--p 00008000 fd:01 17044195                   /lib/x86_64-linux-gnu/libnss_compat-2.27.so
7f3daa89f000-7f3daa8a0000 rw-p 00009000 fd:01 17044195                   /lib/x86_64-linux-gnu/libnss_compat-2.27.so
7f3daa8a0000-7f3daa8aa000 r-xp 00000000 fd:01 8654157                    /usr/lib/jvm/java-11-openjdk-amd64/lib/libinstrument.so
7f3daa8aa000-7f3daaaa9000 ---p 0000a000 fd:01 8654157                    /usr/lib/jvm/java-11-openjdk-amd64/lib/libinstrument.so
7f3daaaa9000-7f3daaaaa000 r--p 00009000 fd:01 8654157                    /usr/lib/jvm/java-11-openjdk-amd64/lib/libinstrument.so
7f3daaaaa000-7f3daaaab000 rw-p 0000a000 fd:01 8654157                    /usr/lib/jvm/java-11-openjdk-amd64/lib/libinstrument.so
7f3daaaab000-7f3daaad4000 r-xp 00000000 fd:01 8654162                    /usr/lib/jvm/java-11-openjdk-amd64/lib/libjava.so
7f3daaad4000-7f3daacd3000 ---p 00029000 fd:01 8654162                    /usr/lib/jvm/java-11-openjdk-amd64/lib/libjava.so
7f3daacd3000-7f3daacd4000 r--p 00028000 fd:01 8654162                    /usr/lib/jvm/java-11-openjdk-amd64/lib/libjava.so
7f3daacd4000-7f3daacd6000 rw-p 00029000 fd:01 8654162                    /usr/lib/jvm/java-11-openjdk-amd64/lib/libjava.so
7f3daacd6000-7f3daace3000 r-xp 00000000 fd:01 8654182                    /usr/lib/jvm/java-11-openjdk-amd64/lib/libverify.so
7f3daace3000-7f3daaee2000 ---p 0000d000 fd:01 8654182                    /usr/lib/jvm/java-11-openjdk-amd64/lib/libverify.so
7f3daaee2000-7f3daaee4000 r--p 0000c000 fd:01 8654182                    /usr/lib/jvm/java-11-openjdk-amd64/lib/libverify.so
7f3daaee4000-7f3daaee5000 rw-p 0000e000 fd:01 8654182                    /usr/lib/jvm/java-11-openjdk-amd64/lib/libverify.so
7f3daaee5000-7f3daaeec000 r-xp 00000000 fd:01 17044204                   /lib/x86_64-linux-gnu/librt-2.27.so
7f3daaeec000-7f3dab0eb000 ---p 00007000 fd:01 17044204                   /lib/x86_64-linux-gnu/librt-2.27.so
7f3dab0eb000-7f3dab0ec000 r--p 00006000 fd:01 17044204                   /lib/x86_64-linux-gnu/librt-2.27.so
7f3dab0ec000-7f3dab0ed000 rw-p 00007000 fd:01 17044204                   /lib/x86_64-linux-gnu/librt-2.27.so
7f3dab0ed000-7f3dab104000 r-xp 00000000 fd:01 17044054                   /lib/x86_64-linux-gnu/libgcc_s.so.1
7f3dab104000-7f3dab303000 ---p 00017000 fd:01 17044054                   /lib/x86_64-linux-gnu/libgcc_s.so.1
7f3dab303000-7f3dab304000 r--p 00016000 fd:01 17044054                   /lib/x86_64-linux-gnu/libgcc_s.so.1
7f3dab304000-7f3dab305000 rw-p 00017000 fd:01 17044054                   /lib/x86_64-linux-gnu/libgcc_s.so.1
7f3dab305000-7f3dab4a2000 r-xp 00000000 fd:01 17044191                   /lib/x86_64-linux-gnu/libm-2.27.so
7f3dab4a2000-7f3dab6a1000 ---p 0019d000 fd:01 17044191                   /lib/x86_64-linux-gnu/libm-2.27.so
7f3dab6a1000-7f3dab6a2000 r--p 0019c000 fd:01 17044191                   /lib/x86_64-linux-gnu/libm-2.27.so
7f3dab6a2000-7f3dab6a3000 rw-p 0019d000 fd:01 17044191                   /lib/x86_64-linux-gnu/libm-2.27.so
7f3dab6a3000-7f3dab81c000 r-xp 00000000 fd:01 6032433                    /usr/lib/x86_64-linux-gnu/libstdc++.so.6.0.25
7f3dab81c000-7f3daba1c000 ---p 00179000 fd:01 6032433                    /usr/lib/x86_64-linux-gnu/libstdc++.so.6.0.25
7f3daba1c000-7f3daba26000 r--p 00179000 fd:01 6032433                    /usr/lib/x86_64-linux-gnu/libstdc++.so.6.0.25
7f3daba26000-7f3daba28000 rw-p 00183000 fd:01 6032433                    /usr/lib/x86_64-linux-gnu/libstdc++.so.6.0.25
7f3daba28000-7f3daba2c000 rw-p 00000000 00:00 0 
7f3daba2c000-7f3dacb05000 r-xp 00000000 fd:01 8785395                    /usr/lib/jvm/java-11-openjdk-amd64/lib/server/libjvm.so
7f3dacb05000-7f3dacd04000 ---p 010d9000 fd:01 8785395                    /usr/lib/jvm/java-11-openjdk-amd64/lib/server/libjvm.so
7f3dacd04000-7f3dacdc1000 r--p 010d8000 fd:01 8785395                    /usr/lib/jvm/java-11-openjdk-amd64/lib/server/libjvm.so
7f3dacdc1000-7f3dacdfb000 rw-p 01195000 fd:01 8785395                    /usr/lib/jvm/java-11-openjdk-amd64/lib/server/libjvm.so
7f3dacdfb000-7f3dace51000 rw-p 00000000 00:00 0 
7f3dace51000-7f3dace6b000 r-xp 00000000 fd:01 17044202                   /lib/x86_64-linux-gnu/libpthread-2.27.so
7f3dace6b000-7f3dad06a000 ---p 0001a000 fd:01 17044202                   /lib/x86_64-linux-gnu/libpthread-2.27.so
7f3dad06a000-7f3dad06b000 r--p 00019000 fd:01 17044202                   /lib/x86_64-linux-gnu/libpthread-2.27.so
7f3dad06b000-7f3dad06c000 rw-p 0001a000 fd:01 17044202                   /lib/x86_64-linux-gnu/libpthread-2.27.so
7f3dad06c000-7f3dad070000 rw-p 00000000 00:00 0 
7f3dad070000-7f3dad073000 r-xp 00000000 fd:01 17044131                   /lib/x86_64-linux-gnu/libdl-2.27.so
7f3dad073000-7f3dad272000 ---p 00003000 fd:01 17044131                   /lib/x86_64-linux-gnu/libdl-2.27.so
7f3dad272000-7f3dad273000 r--p 00002000 fd:01 17044131                   /lib/x86_64-linux-gnu/libdl-2.27.so
7f3dad273000-7f3dad274000 rw-p 00003000 fd:01 17044131                   /lib/x86_64-linux-gnu/libdl-2.27.so
7f3dad274000-7f3dad290000 r-xp 00000000 fd:01 17044190                   /lib/x86_64-linux-gnu/libz.so.1.2.11
7f3dad290000-7f3dad48f000 ---p 0001c000 fd:01 17044190                   /lib/x86_64-linux-gnu/libz.so.1.2.11
7f3dad48f000-7f3dad490000 r--p 0001b000 fd:01 17044190                   /lib/x86_64-linux-gnu/libz.so.1.2.11
7f3dad490000-7f3dad491000 rw-p 0001c000 fd:01 17044190                   /lib/x86_64-linux-gnu/libz.so.1.2.11
7f3dad491000-7f3dad678000 r-xp 00000000 fd:01 17043953                   /lib/x86_64-linux-gnu/libc-2.27.so
7f3dad678000-7f3dad878000 ---p 001e7000 fd:01 17043953                   /lib/x86_64-linux-gnu/libc-2.27.so
7f3dad878000-7f3dad87c000 r--p 001e7000 fd:01 17043953                   /lib/x86_64-linux-gnu/libc-2.27.so
7f3dad87c000-7f3dad87e000 rw-p 001eb000 fd:01 17043953                   /lib/x86_64-linux-gnu/libc-2.27.so
7f3dad87e000-7f3dad882000 rw-p 00000000 00:00 0 
7f3dad882000-7f3dad892000 r-xp 00000000 fd:01 8785046                    /usr/lib/jvm/java-11-openjdk-amd64/lib/jli/libjli.so
7f3dad892000-7f3dada91000 ---p 00010000 fd:01 8785046                    /usr/lib/jvm/java-11-openjdk-amd64/lib/jli/libjli.so
7f3dada91000-7f3dada92000 r--p 0000f000 fd:01 8785046                    /usr/lib/jvm/java-11-openjdk-amd64/lib/jli/libjli.so
7f3dada92000-7f3dada93000 rw-p 00010000 fd:01 8785046                    /usr/lib/jvm/java-11-openjdk-amd64/lib/jli/libjli.so
7f3dada93000-7f3dadaba000 r-xp 00000000 fd:01 17039376                   /lib/x86_64-linux-gnu/ld-2.27.so
7f3dadac3000-7f3dadb8d000 rw-p 00000000 00:00 0 
7f3dadb8d000-7f3dadb91000 ---p 00000000 00:00 0 
7f3dadb91000-7f3dadc90000 rw-p 00000000 00:00 0 
7f3dadc9b000-7f3dadca0000 rw-p 00000000 00:00 0 
7f3dadca0000-7f3dadca7000 ---p 00000000 00:00 0 
7f3dadca7000-7f3dadca9000 r--s 00007000 fd:01 6427014                    /usr/share/java/java-atk-wrapper.jar
7f3dadca9000-7f3dadcb1000 rw-s 00000000 fd:01 28839818                   /tmp/hsperfdata_ro/14252
7f3dadcb1000-7f3dadcb2000 ---p 00000000 00:00 0 
7f3dadcb2000-7f3dadcb3000 r--p 00000000 00:00 0 
7f3dadcb3000-7f3dadcb5000 rw-p 00000000 00:00 0 
7f3dadcb5000-7f3dadcb8000 r--p 00000000 00:00 0                          [vvar]
7f3dadcb8000-7f3dadcba000 r-xp 00000000 00:00 0                          [vdso]
7f3dadcba000-7f3dadcbb000 r--p 00027000 fd:01 17039376                   /lib/x86_64-linux-gnu/ld-2.27.so
7f3dadcbb000-7f3dadcbc000 rw-p 00028000 fd:01 17039376                   /lib/x86_64-linux-gnu/ld-2.27.so
7f3dadcbc000-7f3dadcbd000 rw-p 00000000 00:00 0 
7ffe87dc5000-7ffe87de8000 rw-p 00000000 00:00 0                          [stack]
ffffffffff600000-ffffffffff601000 r-xp 00000000 00:00 0                  [vsyscall]


VM Arguments:
jvm_args: -javaagent:/home/ro/.m2/repository/org/aspectj/aspectjweaver/1.9.5/aspectjweaver-1.9.5.jar -Xms4G -Xmx8G -ea -Dfile.encoding=UTF-8 -Dawt.useSystemAAFontSettings=on -Dswing.aatext=true -Dswing.defaultlaf=com.sun.java.swing.plaf.gtk.GTKLookAndFeel -Dswing.crossplatformlaf=com.sun.java.swing.plaf.gtk.GTKLookAndFeel 
java_command: org.eclipse.jdt.internal.junit.runner.RemoteTestRunner -version 3 -port 43445 -testLoaderClass org.eclipse.jdt.internal.junit4.runner.JUnit4TestLoader -loaderpluginname org.eclipse.jdt.junit4.runtime -classNames definitions.aspectjtest.FunctionTest
java_class_path (initial): /home/ro/git/definitions/target/test-classes:/home/ro/git/definitions/target/classes:/home/ro/.local/share/Yatta/Launcher/installations/spring-idemaven/plugins/org.junit_4.12.0.v201504281640/junit.jar:/home/ro/.local/share/Yatta/Launcher/installations/spring-idemaven/plugins/org.hamcrest.core_1.3.0.v20180420-1519.jar:/home/ro/.m2/repository/prcssng/template/1.0.0/template-1.0.0.jar:/home/ro/.m2/repository/org/processing/core/3.3.6/core-3.3.6.jar:/home/ro/.m2/repository/org/jogamp/jogl/jogl-all-main/2.3.2/jogl-all-main-2.3.2.jar:/home/ro/.m2/repository/org/jogamp/jogl/jogl-all/2.3.2/jogl-all-2.3.2.jar:/home/ro/.m2/repository/org/jogamp/jogl/jogl-all/2.3.2/jogl-all-2.3.2-natives-android-aarch64.jar:/home/ro/.m2/repository/org/jogamp/jogl/jogl-all/2.3.2/jogl-all-2.3.2-natives-android-armv6.jar:/home/ro/.m2/repository/org/jogamp/jogl/jogl-all/2.3.2/jogl-all-2.3.2-natives-linux-amd64.jar:/home/ro/.m2/repository/org/jogamp/jogl/jogl-all/2.3.2/jogl-all-2.3.2-natives-linux-armv6.jar:/home/ro/.m2/repository/org/jogamp/jogl/jogl-all/2.3.2/jogl-all-2.3.2-natives-linux-armv6hf.jar:/home/ro/.m2/repository/org/jogamp/jogl/jogl-all/2.3.2/jogl-all-2.3.2-natives-linux-i586.jar:/home/ro/.m2/repository/org/jogamp/jogl/jogl-all/2.3.2/jogl-all-2.3.2-natives-macosx-universal.jar:/home/ro/.m2/repository/org/jogamp/jogl/jogl-all/2.3.2/jogl-all-2.3.2-natives-solaris-amd64.jar:/home/ro/.m2/repository/org/jogamp/jogl/jogl-all/2.3.2/jogl-all-2.3.2-natives-solaris-i586.jar:/home/ro/.m2/repository/org/jogamp/jogl/jogl-all/2.3.2/jogl-all-2.3.2-natives-windows-amd64.jar:/home/ro/.m2/repository/org/jogamp/jogl/jogl-all/2.3.2/jogl-all-2.3.2-natives-windows-i586.jar:/home/ro/.m2/repository/org/jogamp/gluegen/gluegen-rt-main/2.3.2/gluegen-rt-main-2.3.2.jar:/home/ro/.m2/repository/org/jogamp/gluegen/gluegen-rt/2.3.2/gluegen-rt-2.3.2.jar:/home/ro/.m2/repository/org/jogamp/gluegen/gluegen-rt/2.3.2/gluegen-rt-2.3.2-natives-android-aarch64.jar:/home/ro/.m2/repository/org/jogamp
Launcher Type: SUN_STANDARD

[Global flags]
     intx CICompilerCount                          = 3                                         {product} {ergonomic}
     uint ConcGCThreads                            = 1                                         {product} {ergonomic}
     uint G1ConcRefinementThreads                  = 4                                         {product} {ergonomic}
   size_t G1HeapRegionSize                         = 2097152                                   {product} {ergonomic}
    uintx GCDrainStackTargetSize                   = 64                                        {product} {ergonomic}
   size_t InitialHeapSize                          = 4294967296                                {product} {command line}
   size_t MarkStackSize                            = 4194304                                   {product} {ergonomic}
   size_t MaxHeapSize                              = 8589934592                                {product} {command line}
   size_t MinHeapDeltaBytes                        = 2097152                                   {product} {ergonomic}
    uintx NonNMethodCodeHeapSize                   = 5830732                                {pd product} {ergonomic}
    uintx NonProfiledCodeHeapSize                  = 122913754                              {pd product} {ergonomic}
    uintx ProfiledCodeHeapSize                     = 122913754                              {pd product} {ergonomic}
    uintx ReservedCodeCacheSize                    = 251658240                              {pd product} {ergonomic}
     bool SegmentedCodeCache                       = true                                      {product} {ergonomic}
     bool UseCompressedClassPointers               = true                                 {lp64_product} {ergonomic}
     bool UseCompressedOops                        = true                                 {lp64_product} {ergonomic}
     bool UseG1GC                                  = true                                      {product} {ergonomic}

Logging:
Log output configuration:
 #0: stdout all=warning uptime,level,tags
 #1: stderr all=off uptime,level,tags

Environment Variables:
_JAVA_OPTIONS=-Dawt.useSystemAAFontSettings=on -Dswing.aatext=true -Dswing.defaultlaf=com.sun.java.swing.plaf.gtk.GTKLookAndFeel -Dswing.crossplatformlaf=com.sun.java.swing.plaf.gtk.GTKLookAndFeel
PATH=/home/ro/.local/bin:/usr/local/sbin:/usr/local/bin:/usr/sbin:/usr/bin:/sbin:/bin:/usr/games:/usr/local/games:/snap/bin
SHELL=/bin/bash
DISPLAY=:0

Signal Handlers:
SIGSEGV: [libjvm.so+0xdf1470], sa_mask[0]=11111111011111111101111111111110, sa_flags=SA_RESTART|SA_SIGINFO
SIGBUS: [libjvm.so+0xdf1470], sa_mask[0]=11111111011111111101111111111110, sa_flags=SA_RESTART|SA_SIGINFO
SIGFPE: [libjvm.so+0xdf1470], sa_mask[0]=11111111011111111101111111111110, sa_flags=SA_RESTART|SA_SIGINFO
SIGPIPE: [libjvm.so+0xbc5560], sa_mask[0]=11111111011111111101111111111110, sa_flags=SA_RESTART|SA_SIGINFO
SIGXFSZ: [libjvm.so+0xbc5560], sa_mask[0]=11111111011111111101111111111110, sa_flags=SA_RESTART|SA_SIGINFO
SIGILL: [libjvm.so+0xdf1470], sa_mask[0]=11111111011111111101111111111110, sa_flags=SA_RESTART|SA_SIGINFO
SIGUSR2: [libjvm.so+0xbc5400], sa_mask[0]=00100000000000000000000000000000, sa_flags=SA_RESTART|SA_SIGINFO
SIGHUP: SIG_DFL, sa_mask[0]=00000000000000000000000000000000, sa_flags=none
SIGINT: SIG_DFL, sa_mask[0]=00000000000000000000000000000000, sa_flags=none
SIGTERM: SIG_DFL, sa_mask[0]=00000000000000000000000000000000, sa_flags=none
SIGQUIT: SIG_DFL, sa_mask[0]=00000000000000000000000000000000, sa_flags=none


---------------  S Y S T E M  ---------------

OS:DISTRIB_ID=Ubuntu
DISTRIB_RELEASE=18.04
DISTRIB_CODENAME=bionic
DISTRIB_DESCRIPTION="Ubuntu 18.04.4 LTS"
uname:Linux 4.15.0-76-generic #86-Ubuntu SMP Fri Jan 17 17:24:28 UTC 2020 x86_64
libc:glibc 2.27 NPTL 2.27 
rlimit: STACK 8192k, CORE 0k, NPROC 30695, NOFILE 1048576, AS infinity, DATA infinity, FSIZE infinity
load average:2.70 2.61 2.40

/proc/meminfo:
MemTotal:        8039188 kB
MemFree:          464220 kB
MemAvailable:    3127112 kB
Buffers:          588852 kB
Cached:          1626192 kB
SwapCached:         4484 kB
Active:          4808244 kB
Inactive:        1324192 kB
Active(anon):    3668396 kB
Inactive(anon):   688072 kB
Active(file):    1139848 kB
Inactive(file):   636120 kB
Unevictable:        1168 kB
Mlocked:            1168 kB
SwapTotal:       1003516 kB
SwapFree:         881652 kB
Dirty:               564 kB
Writeback:             4 kB
AnonPages:       3915760 kB
Mapped:           868548 kB
Shmem:            440108 kB
Slab:            1265004 kB
SReclaimable:    1188352 kB
SUnreclaim:        76652 kB
KernelStack:       18784 kB
PageTables:        74676 kB
NFS_Unstable:          0 kB
Bounce:                0 kB
WritebackTmp:          0 kB
CommitLimit:     5023108 kB
Committed_AS:   10992028 kB
VmallocTotal:   34359738367 kB
VmallocUsed:           0 kB
VmallocChunk:          0 kB
HardwareCorrupted:     0 kB
AnonHugePages:         0 kB
ShmemHugePages:        0 kB
ShmemPmdMapped:        0 kB
CmaTotal:              0 kB
CmaFree:               0 kB
HugePages_Total:       0
HugePages_Free:        0
HugePages_Rsvd:        0
HugePages_Surp:        0
Hugepagesize:       2048 kB
DirectMap4k:      463140 kB
DirectMap2M:     7796736 kB


/proc/sys/kernel/threads-max (system-wide limit on the number of threads):
61390


/proc/sys/vm/max_map_count (maximum number of memory map areas a process may have):
65530


/proc/sys/kernel/pid_max (system-wide limit on number of process identifiers):
32768



container (cgroup) information:
container_type: cgroupv1
cpu_cpuset_cpus: 0-3
cpu_memory_nodes: 0
active_processor_count: 4
cpu_quota: -1
cpu_period: 100000
cpu_shares: -1
memory_limit_in_bytes: -1
memory_and_swap_limit_in_bytes: -2
memory_soft_limit_in_bytes: -1
memory_usage_in_bytes: 6280056832
memory_max_usage_in_bytes: 167247872

Steal ticks since vm start: 0
Steal ticks percentage since vm start:  0.000

CPU:total 4 (initial active 4) (2 cores per cpu, 2 threads per core) family 6 model 58 stepping 9, cmov, cx8, fxsr, mmx, sse, sse2, sse3, ssse3, sse4.1, sse4.2, popcnt, avx, aes, clmul, erms, ht, tsc, tscinvbit, tscinv
CPU Model and flags from /proc/cpuinfo:
model name	: Intel(R) Core(TM) i5-3320M CPU @ 2.60GHz
flags		: fpu vme de pse tsc msr pae mce cx8 apic sep mtrr pge mca cmov pat pse36 clflush dts acpi mmx fxsr sse sse2 ss ht tm pbe syscall nx rdtscp lm constant_tsc arch_perfmon pebs bts rep_good nopl xtopology nonstop_tsc cpuid aperfmperf pni pclmulqdq dtes64 monitor ds_cpl vmx smx est tm2 ssse3 cx16 xtpr pdcm pcid sse4_1 sse4_2 x2apic popcnt tsc_deadline_timer aes xsave avx f16c rdrand lahf_lm cpuid_fault epb pti ssbd ibrs ibpb stibp tpr_shadow vnmi flexpriority ept vpid fsgsbase smep erms xsaveopt dtherm ida arat pln pts md_clear flush_l1d

Memory: 4k page, physical 8039188k(464220k free), swap 1003516k(881652k free)

vm_info: OpenJDK 64-Bit Server VM (11.0.6+10-post-Ubuntu-1ubuntu118.04.1) for linux-amd64 JRE (11.0.6+10-post-Ubuntu-1ubuntu118.04.1), built on Jan 15 2020 15:14:00 by "unknown" with gcc 7.4.0

END.
