#
# There is insufficient memory for the Java Runtime Environment to continue.
# Native memory allocation (mmap) failed to map 4294967296 bytes for committing reserved memory.
# Possible reasons:
#   The system is out of physical RAM or swap space
#   The process is running with CompressedOops enabled, and the Java Heap may be blocking the growth of the native heap
# Possible solutions:
#   Reduce memory load on the system
#   Increase physical memory or swap space
#   Check if swap backing store is full
#   Decrease Java heap size (-Xmx/-Xms)
#   Decrease number of Java threads
#   Decrease Java thread stack sizes (-Xss)
#   Set larger code cache with -XX:ReservedCodeCacheSize=
# This output file may be truncated or incomplete.
#
#  Out of Memory Error (os_linux.cpp:2852), pid=16696, tid=16709
#
# JRE version:  (11.0.6+10) (build )
# Java VM: OpenJDK 64-Bit Server VM (11.0.6+10-post-Ubuntu-1ubuntu118.04.1, mixed mode, sharing, tiered, compressed oops, g1 gc, linux-amd64)
# No core dump will be written. Core dumps have been disabled. To enable core dumping, try "ulimit -c unlimited" before starting Java again
#

---------------  S U M M A R Y ------------

Command Line: -agentlib:jdwp=transport=dt_socket,suspend=y,address=localhost:38989 -javaagent:/home/ro/.m2/repository/org/aspectj/aspectjweaver/1.9.5/aspectjweaver-1.9.5.jar -Xms4G -Xmx8G -ea -javaagent:/home/ro/.local/share/Yatta/Launcher/installations/spring-idemaven/configuration/org.eclipse.osgi/371/0/.cp/lib/javaagent-shaded.jar -Dfile.encoding=UTF-8 -Dawt.useSystemAAFontSettings=on -Dswing.aatext=true -Dswing.defaultlaf=com.sun.java.swing.plaf.gtk.GTKLookAndFeel -Dswing.crossplatformlaf=com.sun.java.swing.plaf.gtk.GTKLookAndFeel org.eclipse.jdt.internal.junit.runner.RemoteTestRunner -version 3 -port 33633 -testLoaderClass org.eclipse.jdt.internal.junit4.runner.JUnit4TestLoader -loaderpluginname org.eclipse.jdt.junit4.runtime -classNames definitions.aspectjtest.MultiDimensionalComplexVectorSpaceTest

Host: Intel(R) Core(TM) i5-3320M CPU @ 2.60GHz, 4 cores, 7G, Ubuntu 18.04.4 LTS
Time: Sun Feb 16 20:41:20 2020 +07 elapsed time: 0 seconds (0d 0h 0m 0s)

---------------  T H R E A D  ---------------

Current thread (0x00007f62f0019000):  JavaThread "Unknown thread" [_thread_in_vm, id=16709, stack(0x00007f62f9f7b000,0x00007f62fa07c000)]

Stack: [0x00007f62f9f7b000,0x00007f62fa07c000],  sp=0x00007f62fa07a220,  free space=1020k
Native frames: (J=compiled Java code, A=aot compiled Java code, j=interpreted, Vv=VM code, C=native code)
V  [libjvm.so+0xdefa33]
V  [libjvm.so+0xdf06bb]
V  [libjvm.so+0x6508a5]
V  [libjvm.so+0xbc9608]
V  [libjvm.so+0xbc161d]
V  [libjvm.so+0x76ed4f]
V  [libjvm.so+0x76efbe]
V  [libjvm.so+0x77b030]
V  [libjvm.so+0x7f6359]
V  [libjvm.so+0x7f6fb2]
V  [libjvm.so+0x7f7419]
V  [libjvm.so+0x72d4df]
V  [libjvm.so+0x72dbcd]
V  [libjvm.so+0xdaa0a2]
V  [libjvm.so+0xdaa336]
V  [libjvm.so+0x817157]
V  [libjvm.so+0xd81ac7]
V  [libjvm.so+0x8d1671]  JNI_CreateJavaVM+0x51
C  [libjli.so+0x4a66]
C  [libjli.so+0x92cd]


---------------  P R O C E S S  ---------------

Threads class SMR info:
_java_thread_list=0x000056091d4444d0, length=0, elements={
}

Java Threads: ( => current thread )

Other Threads:
  0x00007f62f0032000 GCTaskThread "GC Thread#0" [stack: 0x00007f62f5b27000,0x00007f62f5c27000] [id=16711]
  0x00007f62f006d800 ConcurrentGCThread "G1 Main Marker" [stack: 0x00007f62f4621000,0x00007f62f4721000] [id=16712]
  0x00007f62f006f800 ConcurrentGCThread "G1 Conc#0" [stack: 0x00007f62f451f000,0x00007f62f461f000] [id=16713]

[error occurred during error reporting (printing all threads), id 0xb, SIGSEGV (0xb) at pc=0x00007f62f855b820]

VM state:not at safepoint (not fully initialized)

VM Mutex/Monitor currently owned by a thread:  ([mutex/lock_event])
[0x00007f62f0015c10] Heap_lock - owner thread: 0x00007f62f0019000

Heap address: 0x0000000600000000, size: 8192 MB, Compressed Oops mode: Non-zero based: 0x0000000600000000
Narrow klass base: 0x0000000000000000, Narrow klass shift: 0

GC Heap History (0 events):
No events

Deoptimization events (0 events):
No events

Classes redefined (0 events):
No events

Internal exceptions (0 events):
No events

Events (3 events):
Event: 0.002 Protecting memory [0x00007f62f9f7b000,0x00007f62f9f7f000] with protection modes 0
Event: 0.002 Loaded shared library /usr/lib/jvm/java-11-openjdk-amd64/lib/libzip.so
Event: 0.002 Loaded shared library /usr/lib/jvm/java-11-openjdk-amd64/lib/libjimage.so


Dynamic libraries:
700000000-800000000 ---p 00000000 00:00 0 
56091c4cb000-56091c4cc000 r-xp 00000000 fd:01 6160627                    /usr/lib/jvm/java-11-openjdk-amd64/bin/java
56091c6cc000-56091c6cd000 r--p 00001000 fd:01 6160627                    /usr/lib/jvm/java-11-openjdk-amd64/bin/java
56091c6cd000-56091c6ce000 rw-p 00002000 fd:01 6160627                    /usr/lib/jvm/java-11-openjdk-amd64/bin/java
56091d42a000-56091d44b000 rw-p 00000000 00:00 0                          [heap]
7f62b4000000-7f62b4021000 rw-p 00000000 00:00 0 
7f62b4021000-7f62b8000000 ---p 00000000 00:00 0 
7f62bc000000-7f62bc021000 rw-p 00000000 00:00 0 
7f62bc021000-7f62c0000000 ---p 00000000 00:00 0 
7f62c0000000-7f62c2000000 rw-p 00000000 00:00 0 
7f62c2000000-7f62d4000000 ---p 00000000 00:00 0 
7f62d4000000-7f62d4021000 rw-p 00000000 00:00 0 
7f62d4021000-7f62d8000000 ---p 00000000 00:00 0 
7f62d8910000-7f62d8b80000 rwxp 00000000 00:00 0 
7f62d8b80000-7f62d8ea0000 ---p 00000000 00:00 0 
7f62d8ea0000-7f62d9110000 rwxp 00000000 00:00 0 
7f62d9110000-7f62e03d8000 ---p 00000000 00:00 0 
7f62e03d8000-7f62e0648000 rwxp 00000000 00:00 0 
7f62e0648000-7f62e7910000 ---p 00000000 00:00 0 
7f62e7910000-7f62f0000000 r--s 00000000 fd:01 8654184                    /usr/lib/jvm/java-11-openjdk-amd64/lib/modules
7f62f0000000-7f62f008a000 rw-p 00000000 00:00 0 
7f62f008a000-7f62f4000000 ---p 00000000 00:00 0 
7f62f4119000-7f62f451d000 rw-p 00000000 00:00 0 
7f62f451d000-7f62f451e000 ---p 00000000 00:00 0 
7f62f451e000-7f62f461f000 rw-p 00000000 00:00 0 
7f62f461f000-7f62f4620000 ---p 00000000 00:00 0 
7f62f4620000-7f62f4721000 rw-p 00000000 00:00 0 
7f62f4721000-7f62f5721000 ---p 00000000 00:00 0 
7f62f5721000-7f62f5b25000 rw-p 00000000 00:00 0 
7f62f5b25000-7f62f5b26000 ---p 00000000 00:00 0 
7f62f5b26000-7f62f5c2c000 rw-p 00000000 00:00 0 
7f62f5c2c000-7f62f5d12000 ---p 00000000 00:00 0 
7f62f5d12000-7f62f5d17000 rw-p 00000000 00:00 0 
7f62f5d17000-7f62f5dfd000 ---p 00000000 00:00 0 
7f62f5dfd000-7f62f5e02000 r-xp 00000000 fd:01 8654166                    /usr/lib/jvm/java-11-openjdk-amd64/lib/libjimage.so
7f62f5e02000-7f62f6001000 ---p 00005000 fd:01 8654166                    /usr/lib/jvm/java-11-openjdk-amd64/lib/libjimage.so
7f62f6001000-7f62f6002000 r--p 00004000 fd:01 8654166                    /usr/lib/jvm/java-11-openjdk-amd64/lib/libjimage.so
7f62f6002000-7f62f6003000 rw-p 00005000 fd:01 8654166                    /usr/lib/jvm/java-11-openjdk-amd64/lib/libjimage.so
7f62f6003000-7f62f600a000 r-xp 00000000 fd:01 8654183                    /usr/lib/jvm/java-11-openjdk-amd64/lib/libzip.so
7f62f600a000-7f62f6209000 ---p 00007000 fd:01 8654183                    /usr/lib/jvm/java-11-openjdk-amd64/lib/libzip.so
7f62f6209000-7f62f620a000 r--p 00006000 fd:01 8654183                    /usr/lib/jvm/java-11-openjdk-amd64/lib/libzip.so
7f62f620a000-7f62f620b000 rw-p 00007000 fd:01 8654183                    /usr/lib/jvm/java-11-openjdk-amd64/lib/libzip.so
7f62f620b000-7f62f6216000 r-xp 00000000 fd:01 17044197                   /lib/x86_64-linux-gnu/libnss_files-2.27.so
7f62f6216000-7f62f6415000 ---p 0000b000 fd:01 17044197                   /lib/x86_64-linux-gnu/libnss_files-2.27.so
7f62f6415000-7f62f6416000 r--p 0000a000 fd:01 17044197                   /lib/x86_64-linux-gnu/libnss_files-2.27.so
7f62f6416000-7f62f6417000 rw-p 0000b000 fd:01 17044197                   /lib/x86_64-linux-gnu/libnss_files-2.27.so
7f62f6417000-7f62f641d000 rw-p 00000000 00:00 0 
7f62f641d000-7f62f6434000 r-xp 00000000 fd:01 17044194                   /lib/x86_64-linux-gnu/libnsl-2.27.so
7f62f6434000-7f62f6633000 ---p 00017000 fd:01 17044194                   /lib/x86_64-linux-gnu/libnsl-2.27.so
7f62f6633000-7f62f6634000 r--p 00016000 fd:01 17044194                   /lib/x86_64-linux-gnu/libnsl-2.27.so
7f62f6634000-7f62f6635000 rw-p 00017000 fd:01 17044194                   /lib/x86_64-linux-gnu/libnsl-2.27.so
7f62f6635000-7f62f6637000 rw-p 00000000 00:00 0 
7f62f6637000-7f62f6642000 r-xp 00000000 fd:01 17044199                   /lib/x86_64-linux-gnu/libnss_nis-2.27.so
7f62f6642000-7f62f6841000 ---p 0000b000 fd:01 17044199                   /lib/x86_64-linux-gnu/libnss_nis-2.27.so
7f62f6841000-7f62f6842000 r--p 0000a000 fd:01 17044199                   /lib/x86_64-linux-gnu/libnss_nis-2.27.so
7f62f6842000-7f62f6843000 rw-p 0000b000 fd:01 17044199                   /lib/x86_64-linux-gnu/libnss_nis-2.27.so
7f62f6843000-7f62f684b000 r-xp 00000000 fd:01 17044195                   /lib/x86_64-linux-gnu/libnss_compat-2.27.so
7f62f684b000-7f62f6a4b000 ---p 00008000 fd:01 17044195                   /lib/x86_64-linux-gnu/libnss_compat-2.27.so
7f62f6a4b000-7f62f6a4c000 r--p 00008000 fd:01 17044195                   /lib/x86_64-linux-gnu/libnss_compat-2.27.so
7f62f6a4c000-7f62f6a4d000 rw-p 00009000 fd:01 17044195                   /lib/x86_64-linux-gnu/libnss_compat-2.27.so
7f62f6a4d000-7f62f6a57000 r-xp 00000000 fd:01 8654157                    /usr/lib/jvm/java-11-openjdk-amd64/lib/libinstrument.so
7f62f6a57000-7f62f6c56000 ---p 0000a000 fd:01 8654157                    /usr/lib/jvm/java-11-openjdk-amd64/lib/libinstrument.so
7f62f6c56000-7f62f6c57000 r--p 00009000 fd:01 8654157                    /usr/lib/jvm/java-11-openjdk-amd64/lib/libinstrument.so
7f62f6c57000-7f62f6c58000 rw-p 0000a000 fd:01 8654157                    /usr/lib/jvm/java-11-openjdk-amd64/lib/libinstrument.so
7f62f6c58000-7f62f6c93000 r-xp 00000000 fd:01 8654165                    /usr/lib/jvm/java-11-openjdk-amd64/lib/libjdwp.so
7f62f6c93000-7f62f6e92000 ---p 0003b000 fd:01 8654165                    /usr/lib/jvm/java-11-openjdk-amd64/lib/libjdwp.so
7f62f6e92000-7f62f6e93000 r--p 0003a000 fd:01 8654165                    /usr/lib/jvm/java-11-openjdk-amd64/lib/libjdwp.so
7f62f6e93000-7f62f6e94000 rw-p 0003b000 fd:01 8654165                    /usr/lib/jvm/java-11-openjdk-amd64/lib/libjdwp.so
7f62f6e94000-7f62f6ebd000 r-xp 00000000 fd:01 8654162                    /usr/lib/jvm/java-11-openjdk-amd64/lib/libjava.so
7f62f6ebd000-7f62f70bc000 ---p 00029000 fd:01 8654162                    /usr/lib/jvm/java-11-openjdk-amd64/lib/libjava.so
7f62f70bc000-7f62f70bd000 r--p 00028000 fd:01 8654162                    /usr/lib/jvm/java-11-openjdk-amd64/lib/libjava.so
7f62f70bd000-7f62f70bf000 rw-p 00029000 fd:01 8654162                    /usr/lib/jvm/java-11-openjdk-amd64/lib/libjava.so
7f62f70bf000-7f62f70cc000 r-xp 00000000 fd:01 8654182                    /usr/lib/jvm/java-11-openjdk-amd64/lib/libverify.so
7f62f70cc000-7f62f72cb000 ---p 0000d000 fd:01 8654182                    /usr/lib/jvm/java-11-openjdk-amd64/lib/libverify.so
7f62f72cb000-7f62f72cd000 r--p 0000c000 fd:01 8654182                    /usr/lib/jvm/java-11-openjdk-amd64/lib/libverify.so
7f62f72cd000-7f62f72ce000 rw-p 0000e000 fd:01 8654182                    /usr/lib/jvm/java-11-openjdk-amd64/lib/libverify.so
7f62f72ce000-7f62f72d5000 r-xp 00000000 fd:01 17044204                   /lib/x86_64-linux-gnu/librt-2.27.so
7f62f72d5000-7f62f74d4000 ---p 00007000 fd:01 17044204                   /lib/x86_64-linux-gnu/librt-2.27.so
7f62f74d4000-7f62f74d5000 r--p 00006000 fd:01 17044204                   /lib/x86_64-linux-gnu/librt-2.27.so
7f62f74d5000-7f62f74d6000 rw-p 00007000 fd:01 17044204                   /lib/x86_64-linux-gnu/librt-2.27.so
7f62f74d6000-7f62f74ed000 r-xp 00000000 fd:01 17044054                   /lib/x86_64-linux-gnu/libgcc_s.so.1
7f62f74ed000-7f62f76ec000 ---p 00017000 fd:01 17044054                   /lib/x86_64-linux-gnu/libgcc_s.so.1
7f62f76ec000-7f62f76ed000 r--p 00016000 fd:01 17044054                   /lib/x86_64-linux-gnu/libgcc_s.so.1
7f62f76ed000-7f62f76ee000 rw-p 00017000 fd:01 17044054                   /lib/x86_64-linux-gnu/libgcc_s.so.1
7f62f76ee000-7f62f788b000 r-xp 00000000 fd:01 17044191                   /lib/x86_64-linux-gnu/libm-2.27.so
7f62f788b000-7f62f7a8a000 ---p 0019d000 fd:01 17044191                   /lib/x86_64-linux-gnu/libm-2.27.so
7f62f7a8a000-7f62f7a8b000 r--p 0019c000 fd:01 17044191                   /lib/x86_64-linux-gnu/libm-2.27.so
7f62f7a8b000-7f62f7a8c000 rw-p 0019d000 fd:01 17044191                   /lib/x86_64-linux-gnu/libm-2.27.so
7f62f7a8c000-7f62f7c05000 r-xp 00000000 fd:01 6032433                    /usr/lib/x86_64-linux-gnu/libstdc++.so.6.0.25
7f62f7c05000-7f62f7e05000 ---p 00179000 fd:01 6032433                    /usr/lib/x86_64-linux-gnu/libstdc++.so.6.0.25
7f62f7e05000-7f62f7e0f000 r--p 00179000 fd:01 6032433                    /usr/lib/x86_64-linux-gnu/libstdc++.so.6.0.25
7f62f7e0f000-7f62f7e11000 rw-p 00183000 fd:01 6032433                    /usr/lib/x86_64-linux-gnu/libstdc++.so.6.0.25
7f62f7e11000-7f62f7e15000 rw-p 00000000 00:00 0 
7f62f7e15000-7f62f8eee000 r-xp 00000000 fd:01 8785395                    /usr/lib/jvm/java-11-openjdk-amd64/lib/server/libjvm.so
7f62f8eee000-7f62f90ed000 ---p 010d9000 fd:01 8785395                    /usr/lib/jvm/java-11-openjdk-amd64/lib/server/libjvm.so
7f62f90ed000-7f62f91aa000 r--p 010d8000 fd:01 8785395                    /usr/lib/jvm/java-11-openjdk-amd64/lib/server/libjvm.so
7f62f91aa000-7f62f91e4000 rw-p 01195000 fd:01 8785395                    /usr/lib/jvm/java-11-openjdk-amd64/lib/server/libjvm.so
7f62f91e4000-7f62f923a000 rw-p 00000000 00:00 0 
7f62f923a000-7f62f9254000 r-xp 00000000 fd:01 17044202                   /lib/x86_64-linux-gnu/libpthread-2.27.so
7f62f9254000-7f62f9453000 ---p 0001a000 fd:01 17044202                   /lib/x86_64-linux-gnu/libpthread-2.27.so
7f62f9453000-7f62f9454000 r--p 00019000 fd:01 17044202                   /lib/x86_64-linux-gnu/libpthread-2.27.so
7f62f9454000-7f62f9455000 rw-p 0001a000 fd:01 17044202                   /lib/x86_64-linux-gnu/libpthread-2.27.so
7f62f9455000-7f62f9459000 rw-p 00000000 00:00 0 
7f62f9459000-7f62f945c000 r-xp 00000000 fd:01 17044131                   /lib/x86_64-linux-gnu/libdl-2.27.so
7f62f945c000-7f62f965b000 ---p 00003000 fd:01 17044131                   /lib/x86_64-linux-gnu/libdl-2.27.so
7f62f965b000-7f62f965c000 r--p 00002000 fd:01 17044131                   /lib/x86_64-linux-gnu/libdl-2.27.so
7f62f965c000-7f62f965d000 rw-p 00003000 fd:01 17044131                   /lib/x86_64-linux-gnu/libdl-2.27.so
7f62f965d000-7f62f9679000 r-xp 00000000 fd:01 17044190                   /lib/x86_64-linux-gnu/libz.so.1.2.11
7f62f9679000-7f62f9878000 ---p 0001c000 fd:01 17044190                   /lib/x86_64-linux-gnu/libz.so.1.2.11
7f62f9878000-7f62f9879000 r--p 0001b000 fd:01 17044190                   /lib/x86_64-linux-gnu/libz.so.1.2.11
7f62f9879000-7f62f987a000 rw-p 0001c000 fd:01 17044190                   /lib/x86_64-linux-gnu/libz.so.1.2.11
7f62f987a000-7f62f9a61000 r-xp 00000000 fd:01 17043953                   /lib/x86_64-linux-gnu/libc-2.27.so
7f62f9a61000-7f62f9c61000 ---p 001e7000 fd:01 17043953                   /lib/x86_64-linux-gnu/libc-2.27.so
7f62f9c61000-7f62f9c65000 r--p 001e7000 fd:01 17043953                   /lib/x86_64-linux-gnu/libc-2.27.so
7f62f9c65000-7f62f9c67000 rw-p 001eb000 fd:01 17043953                   /lib/x86_64-linux-gnu/libc-2.27.so
7f62f9c67000-7f62f9c6b000 rw-p 00000000 00:00 0 
7f62f9c6b000-7f62f9c7b000 r-xp 00000000 fd:01 8785046                    /usr/lib/jvm/java-11-openjdk-amd64/lib/jli/libjli.so
7f62f9c7b000-7f62f9e7a000 ---p 00010000 fd:01 8785046                    /usr/lib/jvm/java-11-openjdk-amd64/lib/jli/libjli.so
7f62f9e7a000-7f62f9e7b000 r--p 0000f000 fd:01 8785046                    /usr/lib/jvm/java-11-openjdk-amd64/lib/jli/libjli.so
7f62f9e7b000-7f62f9e7c000 rw-p 00010000 fd:01 8785046                    /usr/lib/jvm/java-11-openjdk-amd64/lib/jli/libjli.so
7f62f9e7c000-7f62f9ea3000 r-xp 00000000 fd:01 17039376                   /lib/x86_64-linux-gnu/ld-2.27.so
7f62f9eb1000-7f62f9f7b000 rw-p 00000000 00:00 0 
7f62f9f7b000-7f62f9f7f000 ---p 00000000 00:00 0 
7f62f9f7f000-7f62fa07e000 rw-p 00000000 00:00 0 
7f62fa089000-7f62fa08e000 rw-p 00000000 00:00 0 
7f62fa08e000-7f62fa095000 ---p 00000000 00:00 0 
7f62fa095000-7f62fa097000 r--s 00007000 fd:01 6427014                    /usr/share/java/java-atk-wrapper.jar
7f62fa097000-7f62fa09f000 rw-s 00000000 fd:01 28840055                   /tmp/hsperfdata_ro/16696
7f62fa09f000-7f62fa0a0000 ---p 00000000 00:00 0 
7f62fa0a0000-7f62fa0a1000 r--p 00000000 00:00 0 
7f62fa0a1000-7f62fa0a3000 rw-p 00000000 00:00 0 
7f62fa0a3000-7f62fa0a4000 r--p 00027000 fd:01 17039376                   /lib/x86_64-linux-gnu/ld-2.27.so
7f62fa0a4000-7f62fa0a5000 rw-p 00028000 fd:01 17039376                   /lib/x86_64-linux-gnu/ld-2.27.so
7f62fa0a5000-7f62fa0a6000 rw-p 00000000 00:00 0 
7ffdb4636000-7ffdb4659000 rw-p 00000000 00:00 0                          [stack]
7ffdb4676000-7ffdb4679000 r--p 00000000 00:00 0                          [vvar]
7ffdb4679000-7ffdb467b000 r-xp 00000000 00:00 0                          [vdso]
ffffffffff600000-ffffffffff601000 r-xp 00000000 00:00 0                  [vsyscall]


VM Arguments:
jvm_args: -agentlib:jdwp=transport=dt_socket,suspend=y,address=localhost:38989 -javaagent:/home/ro/.m2/repository/org/aspectj/aspectjweaver/1.9.5/aspectjweaver-1.9.5.jar -Xms4G -Xmx8G -ea -javaagent:/home/ro/.local/share/Yatta/Launcher/installations/spring-idemaven/configuration/org.eclipse.osgi/371/0/.cp/lib/javaagent-shaded.jar -Dfile.encoding=UTF-8 -Dawt.useSystemAAFontSettings=on -Dswing.aatext=true -Dswing.defaultlaf=com.sun.java.swing.plaf.gtk.GTKLookAndFeel -Dswing.crossplatformlaf=com.sun.java.swing.plaf.gtk.GTKLookAndFeel 
java_command: org.eclipse.jdt.internal.junit.runner.RemoteTestRunner -version 3 -port 33633 -testLoaderClass org.eclipse.jdt.internal.junit4.runner.JUnit4TestLoader -loaderpluginname org.eclipse.jdt.junit4.runtime -classNames definitions.aspectjtest.MultiDimensionalComplexVectorSpaceTest
java_class_path (initial): /home/ro/git/definitions/target/test-classes:/home/ro/git/definitions/target/classes:/home/ro/.local/share/Yatta/Launcher/installations/spring-idemaven/plugins/org.junit_4.12.0.v201504281640/junit.jar:/home/ro/.local/share/Yatta/Launcher/installations/spring-idemaven/plugins/org.hamcrest.core_1.3.0.v20180420-1519.jar:/home/ro/.m2/repository/prcssng/template/1.0.0/template-1.0.0.jar:/home/ro/.m2/repository/org/processing/core/3.3.6/core-3.3.6.jar:/home/ro/.m2/repository/org/jogamp/jogl/jogl-all-main/2.3.2/jogl-all-main-2.3.2.jar:/home/ro/.m2/repository/org/jogamp/jogl/jogl-all/2.3.2/jogl-all-2.3.2.jar:/home/ro/.m2/repository/org/jogamp/jogl/jogl-all/2.3.2/jogl-all-2.3.2-natives-android-aarch64.jar:/home/ro/.m2/repository/org/jogamp/jogl/jogl-all/2.3.2/jogl-all-2.3.2-natives-android-armv6.jar:/home/ro/.m2/repository/org/jogamp/jogl/jogl-all/2.3.2/jogl-all-2.3.2-natives-linux-amd64.jar:/home/ro/.m2/repository/org/jogamp/jogl/jogl-all/2.3.2/jogl-all-2.3.2-natives-linux-armv6.jar:/home/ro/.m2/repository/org/jogamp/jogl/jogl-all/2.3.2/jogl-all-2.3.2-natives-linux-armv6hf.jar:/home/ro/.m2/repository/org/jogamp/jogl/jogl-all/2.3.2/jogl-all-2.3.2-natives-linux-i586.jar:/home/ro/.m2/repository/org/jogamp/jogl/jogl-all/2.3.2/jogl-all-2.3.2-natives-macosx-universal.jar:/home/ro/.m2/repository/org/jogamp/jogl/jogl-all/2.3.2/jogl-all-2.3.2-natives-solaris-amd64.jar:/home/ro/.m2/repository/org/jogamp/jogl/jogl-all/2.3.2/jogl-all-2.3.2-natives-solaris-i586.jar:/home/ro/.m2/repository/org/jogamp/jogl/jogl-all/2.3.2/jogl-all-2.3.2-natives-windows-amd64.jar:/home/ro/.m2/repository/org/jogamp/jogl/jogl-all/2.3.2/jogl-all-2.3.2-natives-windows-i586.jar:/home/ro/.m2/repository/org/jogamp/gluegen/gluegen-rt-main/2.3.2/gluegen-rt-main-2.3.2.jar:/home/ro/.m2/repository/org/jogamp/gluegen/gluegen-rt/2.3.2/gluegen-rt-2.3.2.jar:/home/ro/.m2/repository/org/jogamp/gluegen/gluegen-rt/2.3.2/gluegen-rt-2.3.2-natives-android-aarch64.jar:/home/ro/.m2/repository/org/jogamp
Launcher Type: SUN_STANDARD

[Global flags]
     intx CICompilerCount                          = 3                                         {product} {ergonomic}
     uint ConcGCThreads                            = 1                                         {product} {ergonomic}
     uint G1ConcRefinementThreads                  = 4                                         {product} {ergonomic}
   size_t G1HeapRegionSize                         = 2097152                                   {product} {ergonomic}
    uintx GCDrainStackTargetSize                   = 64                                        {product} {ergonomic}
   size_t InitialHeapSize                          = 4294967296                                {product} {command line}
   size_t MarkStackSize                            = 4194304                                   {product} {ergonomic}
   size_t MaxHeapSize                              = 8589934592                                {product} {command line}
   size_t MinHeapDeltaBytes                        = 2097152                                   {product} {ergonomic}
    uintx NonNMethodCodeHeapSize                   = 5830732                                {pd product} {ergonomic}
    uintx NonProfiledCodeHeapSize                  = 122913754                              {pd product} {ergonomic}
    uintx ProfiledCodeHeapSize                     = 122913754                              {pd product} {ergonomic}
    uintx ReservedCodeCacheSize                    = 251658240                              {pd product} {ergonomic}
     bool SegmentedCodeCache                       = true                                      {product} {ergonomic}
     bool UseCompressedClassPointers               = true                                 {lp64_product} {ergonomic}
     bool UseCompressedOops                        = true                                 {lp64_product} {ergonomic}
     bool UseG1GC                                  = true                                      {product} {ergonomic}

Logging:
Log output configuration:
 #0: stdout all=warning uptime,level,tags
 #1: stderr all=off uptime,level,tags

Environment Variables:
_JAVA_OPTIONS=-Dawt.useSystemAAFontSettings=on -Dswing.aatext=true -Dswing.defaultlaf=com.sun.java.swing.plaf.gtk.GTKLookAndFeel -Dswing.crossplatformlaf=com.sun.java.swing.plaf.gtk.GTKLookAndFeel
PATH=/home/ro/.local/bin:/usr/local/sbin:/usr/local/bin:/usr/sbin:/usr/bin:/sbin:/bin:/usr/games:/usr/local/games:/snap/bin
SHELL=/bin/bash
DISPLAY=:0

Signal Handlers:
SIGSEGV: [libjvm.so+0xdf1470], sa_mask[0]=11111111011111111101111111111110, sa_flags=SA_RESTART|SA_SIGINFO
SIGBUS: [libjvm.so+0xdf1470], sa_mask[0]=11111111011111111101111111111110, sa_flags=SA_RESTART|SA_SIGINFO
SIGFPE: [libjvm.so+0xdf1470], sa_mask[0]=11111111011111111101111111111110, sa_flags=SA_RESTART|SA_SIGINFO
SIGPIPE: [libjvm.so+0xbc5560], sa_mask[0]=11111111011111111101111111111110, sa_flags=SA_RESTART|SA_SIGINFO
SIGXFSZ: [libjvm.so+0xbc5560], sa_mask[0]=11111111011111111101111111111110, sa_flags=SA_RESTART|SA_SIGINFO
SIGILL: [libjvm.so+0xdf1470], sa_mask[0]=11111111011111111101111111111110, sa_flags=SA_RESTART|SA_SIGINFO
SIGUSR2: [libjvm.so+0xbc5400], sa_mask[0]=00100000000000000000000000000000, sa_flags=SA_RESTART|SA_SIGINFO
SIGHUP: SIG_DFL, sa_mask[0]=00000000000000000000000000000000, sa_flags=none
SIGINT: SIG_DFL, sa_mask[0]=00000000000000000000000000000000, sa_flags=none
SIGTERM: SIG_DFL, sa_mask[0]=00000000000000000000000000000000, sa_flags=none
SIGQUIT: SIG_DFL, sa_mask[0]=00000000000000000000000000000000, sa_flags=none


---------------  S Y S T E M  ---------------

OS:DISTRIB_ID=Ubuntu
DISTRIB_RELEASE=18.04
DISTRIB_CODENAME=bionic
DISTRIB_DESCRIPTION="Ubuntu 18.04.4 LTS"
uname:Linux 4.15.0-76-generic #86-Ubuntu SMP Fri Jan 17 17:24:28 UTC 2020 x86_64
libc:glibc 2.27 NPTL 2.27 
rlimit: STACK 8192k, CORE 0k, NPROC 30695, NOFILE 1048576, AS infinity, DATA infinity, FSIZE infinity
load average:1.31 1.61 1.79

/proc/meminfo:
MemTotal:        8039188 kB
MemFree:          572588 kB
MemAvailable:    3133656 kB
Buffers:          483872 kB
Cached:          1653936 kB
SwapCached:         4868 kB
Active:          4764844 kB
Inactive:        1299052 kB
Active(anon):    3644348 kB
Inactive(anon):   698576 kB
Active(file):    1120496 kB
Inactive(file):   600476 kB
Unevictable:        1248 kB
Mlocked:            1248 kB
SwapTotal:       1003516 kB
SwapFree:         870976 kB
Dirty:               656 kB
Writeback:             0 kB
AnonPages:       3925308 kB
Mapped:           768384 kB
Shmem:            418624 kB
Slab:            1220704 kB
SReclaimable:    1141516 kB
SUnreclaim:        79188 kB
KernelStack:       19368 kB
PageTables:        77024 kB
NFS_Unstable:          0 kB
Bounce:                0 kB
WritebackTmp:          0 kB
CommitLimit:     5023108 kB
Committed_AS:   10970448 kB
VmallocTotal:   34359738367 kB
VmallocUsed:           0 kB
VmallocChunk:          0 kB
HardwareCorrupted:     0 kB
AnonHugePages:         0 kB
ShmemHugePages:        0 kB
ShmemPmdMapped:        0 kB
CmaTotal:              0 kB
CmaFree:               0 kB
HugePages_Total:       0
HugePages_Free:        0
HugePages_Rsvd:        0
HugePages_Surp:        0
Hugepagesize:       2048 kB
DirectMap4k:      481572 kB
DirectMap2M:     7778304 kB


/proc/sys/kernel/threads-max (system-wide limit on the number of threads):
61390


/proc/sys/vm/max_map_count (maximum number of memory map areas a process may have):
65530


/proc/sys/kernel/pid_max (system-wide limit on number of process identifiers):
32768



container (cgroup) information:
container_type: cgroupv1
cpu_cpuset_cpus: 0-3
cpu_memory_nodes: 0
active_processor_count: 4
cpu_quota: -1
cpu_period: 100000
cpu_shares: -1
memory_limit_in_bytes: -1
memory_and_swap_limit_in_bytes: -2
memory_soft_limit_in_bytes: -1
memory_usage_in_bytes: 6209613824
memory_max_usage_in_bytes: 167247872

Steal ticks since vm start: 0
Steal ticks percentage since vm start:  0.000

CPU:total 4 (initial active 4) (2 cores per cpu, 2 threads per core) family 6 model 58 stepping 9, cmov, cx8, fxsr, mmx, sse, sse2, sse3, ssse3, sse4.1, sse4.2, popcnt, avx, aes, clmul, erms, ht, tsc, tscinvbit, tscinv
CPU Model and flags from /proc/cpuinfo:
model name	: Intel(R) Core(TM) i5-3320M CPU @ 2.60GHz
flags		: fpu vme de pse tsc msr pae mce cx8 apic sep mtrr pge mca cmov pat pse36 clflush dts acpi mmx fxsr sse sse2 ss ht tm pbe syscall nx rdtscp lm constant_tsc arch_perfmon pebs bts rep_good nopl xtopology nonstop_tsc cpuid aperfmperf pni pclmulqdq dtes64 monitor ds_cpl vmx smx est tm2 ssse3 cx16 xtpr pdcm pcid sse4_1 sse4_2 x2apic popcnt tsc_deadline_timer aes xsave avx f16c rdrand lahf_lm cpuid_fault epb pti ssbd ibrs ibpb stibp tpr_shadow vnmi flexpriority ept vpid fsgsbase smep erms xsaveopt dtherm ida arat pln pts md_clear flush_l1d

Memory: 4k page, physical 8039188k(572588k free), swap 1003516k(870976k free)

vm_info: OpenJDK 64-Bit Server VM (11.0.6+10-post-Ubuntu-1ubuntu118.04.1) for linux-amd64 JRE (11.0.6+10-post-Ubuntu-1ubuntu118.04.1), built on Jan 15 2020 15:14:00 by "unknown" with gcc 7.4.0

END.
