#
# There is insufficient memory for the Java Runtime Environment to continue.
# Native memory allocation (mmap) failed to map 4294967296 bytes for committing reserved memory.
# Possible reasons:
#   The system is out of physical RAM or swap space
#   The process is running with CompressedOops enabled, and the Java Heap may be blocking the growth of the native heap
# Possible solutions:
#   Reduce memory load on the system
#   Increase physical memory or swap space
#   Check if swap backing store is full
#   Decrease Java heap size (-Xmx/-Xms)
#   Decrease number of Java threads
#   Decrease Java thread stack sizes (-Xss)
#   Set larger code cache with -XX:ReservedCodeCacheSize=
# This output file may be truncated or incomplete.
#
#  Out of Memory Error (os_linux.cpp:2852), pid=14209, tid=14211
#
# JRE version:  (11.0.6+10) (build )
# Java VM: OpenJDK 64-Bit Server VM (11.0.6+10-post-Ubuntu-1ubuntu118.04.1, mixed mode, sharing, tiered, compressed oops, g1 gc, linux-amd64)
# No core dump will be written. Core dumps have been disabled. To enable core dumping, try "ulimit -c unlimited" before starting Java again
#

---------------  S U M M A R Y ------------

Command Line: -javaagent:/home/ro/.m2/repository/org/aspectj/aspectjweaver/1.9.5/aspectjweaver-1.9.5.jar -Xms4G -Xmx8G -ea -Dfile.encoding=UTF-8 -Dawt.useSystemAAFontSettings=on -Dswing.aatext=true -Dswing.defaultlaf=com.sun.java.swing.plaf.gtk.GTKLookAndFeel -Dswing.crossplatformlaf=com.sun.java.swing.plaf.gtk.GTKLookAndFeel org.eclipse.jdt.internal.junit.runner.RemoteTestRunner -version 3 -port 34879 -testLoaderClass org.eclipse.jdt.internal.junit4.runner.JUnit4TestLoader -loaderpluginname org.eclipse.jdt.junit4.runtime -classNames definitions.aspectjtest.FunctionTest

Host: Intel(R) Core(TM) i5-3320M CPU @ 2.60GHz, 4 cores, 7G, Ubuntu 18.04.4 LTS
Time: Sun Feb 16 20:02:58 2020 +07 elapsed time: 0 seconds (0d 0h 0m 0s)

---------------  T H R E A D  ---------------

Current thread (0x00007fabcc018000):  JavaThread "Unknown thread" [_thread_in_vm, id=14211, stack(0x00007fabd68aa000,0x00007fabd69ab000)]

Stack: [0x00007fabd68aa000,0x00007fabd69ab000],  sp=0x00007fabd69a9220,  free space=1020k
Native frames: (J=compiled Java code, A=aot compiled Java code, j=interpreted, Vv=VM code, C=native code)
V  [libjvm.so+0xdefa33]
V  [libjvm.so+0xdf06bb]
V  [libjvm.so+0x6508a5]
V  [libjvm.so+0xbc9608]
V  [libjvm.so+0xbc161d]
V  [libjvm.so+0x76ed4f]
V  [libjvm.so+0x76efbe]
V  [libjvm.so+0x77b030]
V  [libjvm.so+0x7f6359]
V  [libjvm.so+0x7f6fb2]
V  [libjvm.so+0x7f7419]
V  [libjvm.so+0x72d4df]
V  [libjvm.so+0x72dbcd]
V  [libjvm.so+0xdaa0a2]
V  [libjvm.so+0xdaa336]
V  [libjvm.so+0x817157]
V  [libjvm.so+0xd81ac7]
V  [libjvm.so+0x8d1671]  JNI_CreateJavaVM+0x51
C  [libjli.so+0x4a66]
C  [libjli.so+0x92cd]


---------------  P R O C E S S  ---------------

Threads class SMR info:
_java_thread_list=0x000055db162e33b0, length=0, elements={
}

Java Threads: ( => current thread )

Other Threads:
  0x00007fabcc031000 GCTaskThread "GC Thread#0" [stack: 0x00007fabd2692000,0x00007fabd2792000] [id=14213]
  0x00007fabcc06c000 ConcurrentGCThread "G1 Main Marker" [stack: 0x00007fabd018c000,0x00007fabd028c000] [id=14215]
  0x00007fabcc06e000 ConcurrentGCThread "G1 Conc#0" [stack: 0x00007fabd008a000,0x00007fabd018a000] [id=14216]

[error occurred during error reporting (printing all threads), id 0xb, SIGSEGV (0xb) at pc=0x00007fabd4e8a820]

VM state:not at safepoint (not fully initialized)

VM Mutex/Monitor currently owned by a thread:  ([mutex/lock_event])
[0x00007fabcc014c20] Heap_lock - owner thread: 0x00007fabcc018000

Heap address: 0x0000000600000000, size: 8192 MB, Compressed Oops mode: Non-zero based: 0x0000000600000000
Narrow klass base: 0x0000000000000000, Narrow klass shift: 0

GC Heap History (0 events):
No events

Deoptimization events (0 events):
No events

Classes redefined (0 events):
No events

Internal exceptions (0 events):
No events

Events (3 events):
Event: 0.002 Protecting memory [0x00007fabd68aa000,0x00007fabd68ae000] with protection modes 0
Event: 0.003 Loaded shared library /usr/lib/jvm/java-11-openjdk-amd64/lib/libzip.so
Event: 0.003 Loaded shared library /usr/lib/jvm/java-11-openjdk-amd64/lib/libjimage.so


Dynamic libraries:
700000000-800000000 ---p 00000000 00:00 0 
55db14c7e000-55db14c7f000 r-xp 00000000 fd:01 6160627                    /usr/lib/jvm/java-11-openjdk-amd64/bin/java
55db14e7f000-55db14e80000 r--p 00001000 fd:01 6160627                    /usr/lib/jvm/java-11-openjdk-amd64/bin/java
55db14e80000-55db14e81000 rw-p 00002000 fd:01 6160627                    /usr/lib/jvm/java-11-openjdk-amd64/bin/java
55db162c9000-55db162ea000 rw-p 00000000 00:00 0                          [heap]
7fab90000000-7fab90021000 rw-p 00000000 00:00 0 
7fab90021000-7fab94000000 ---p 00000000 00:00 0 
7fab98000000-7fab98021000 rw-p 00000000 00:00 0 
7fab98021000-7fab9c000000 ---p 00000000 00:00 0 
7fab9d000000-7fab9f000000 rw-p 00000000 00:00 0 
7fab9f000000-7fabb0000000 ---p 00000000 00:00 0 
7fabb0000000-7fabb0021000 rw-p 00000000 00:00 0 
7fabb0021000-7fabb4000000 ---p 00000000 00:00 0 
7fabb450c000-7fabb4910000 rw-p 00000000 00:00 0 
7fabb4910000-7fabb4b80000 rwxp 00000000 00:00 0 
7fabb4b80000-7fabb4ea0000 ---p 00000000 00:00 0 
7fabb4ea0000-7fabb5110000 rwxp 00000000 00:00 0 
7fabb5110000-7fabbc3d8000 ---p 00000000 00:00 0 
7fabbc3d8000-7fabbc648000 rwxp 00000000 00:00 0 
7fabbc648000-7fabc3910000 ---p 00000000 00:00 0 
7fabc3910000-7fabcc000000 r--s 00000000 fd:01 8654184                    /usr/lib/jvm/java-11-openjdk-amd64/lib/modules
7fabcc000000-7fabcc089000 rw-p 00000000 00:00 0 
7fabcc089000-7fabd0000000 ---p 00000000 00:00 0 
7fabd0088000-7fabd0089000 ---p 00000000 00:00 0 
7fabd0089000-7fabd018a000 rw-p 00000000 00:00 0 
7fabd018a000-7fabd018b000 ---p 00000000 00:00 0 
7fabd018b000-7fabd028c000 rw-p 00000000 00:00 0 
7fabd028c000-7fabd228c000 ---p 00000000 00:00 0 
7fabd228c000-7fabd2690000 rw-p 00000000 00:00 0 
7fabd2690000-7fabd2691000 ---p 00000000 00:00 0 
7fabd2691000-7fabd2797000 rw-p 00000000 00:00 0 
7fabd2797000-7fabd287d000 ---p 00000000 00:00 0 
7fabd287d000-7fabd2882000 rw-p 00000000 00:00 0 
7fabd2882000-7fabd2968000 ---p 00000000 00:00 0 
7fabd2968000-7fabd296d000 r-xp 00000000 fd:01 8654166                    /usr/lib/jvm/java-11-openjdk-amd64/lib/libjimage.so
7fabd296d000-7fabd2b6c000 ---p 00005000 fd:01 8654166                    /usr/lib/jvm/java-11-openjdk-amd64/lib/libjimage.so
7fabd2b6c000-7fabd2b6d000 r--p 00004000 fd:01 8654166                    /usr/lib/jvm/java-11-openjdk-amd64/lib/libjimage.so
7fabd2b6d000-7fabd2b6e000 rw-p 00005000 fd:01 8654166                    /usr/lib/jvm/java-11-openjdk-amd64/lib/libjimage.so
7fabd2b6e000-7fabd2b75000 r-xp 00000000 fd:01 8654183                    /usr/lib/jvm/java-11-openjdk-amd64/lib/libzip.so
7fabd2b75000-7fabd2d74000 ---p 00007000 fd:01 8654183                    /usr/lib/jvm/java-11-openjdk-amd64/lib/libzip.so
7fabd2d74000-7fabd2d75000 r--p 00006000 fd:01 8654183                    /usr/lib/jvm/java-11-openjdk-amd64/lib/libzip.so
7fabd2d75000-7fabd2d76000 rw-p 00007000 fd:01 8654183                    /usr/lib/jvm/java-11-openjdk-amd64/lib/libzip.so
7fabd2d76000-7fabd2d81000 r-xp 00000000 fd:01 17044197                   /lib/x86_64-linux-gnu/libnss_files-2.27.so
7fabd2d81000-7fabd2f80000 ---p 0000b000 fd:01 17044197                   /lib/x86_64-linux-gnu/libnss_files-2.27.so
7fabd2f80000-7fabd2f81000 r--p 0000a000 fd:01 17044197                   /lib/x86_64-linux-gnu/libnss_files-2.27.so
7fabd2f81000-7fabd2f82000 rw-p 0000b000 fd:01 17044197                   /lib/x86_64-linux-gnu/libnss_files-2.27.so
7fabd2f82000-7fabd2f88000 rw-p 00000000 00:00 0 
7fabd2f88000-7fabd2f9f000 r-xp 00000000 fd:01 17044194                   /lib/x86_64-linux-gnu/libnsl-2.27.so
7fabd2f9f000-7fabd319e000 ---p 00017000 fd:01 17044194                   /lib/x86_64-linux-gnu/libnsl-2.27.so
7fabd319e000-7fabd319f000 r--p 00016000 fd:01 17044194                   /lib/x86_64-linux-gnu/libnsl-2.27.so
7fabd319f000-7fabd31a0000 rw-p 00017000 fd:01 17044194                   /lib/x86_64-linux-gnu/libnsl-2.27.so
7fabd31a0000-7fabd31a2000 rw-p 00000000 00:00 0 
7fabd31a2000-7fabd31ad000 r-xp 00000000 fd:01 17044199                   /lib/x86_64-linux-gnu/libnss_nis-2.27.so
7fabd31ad000-7fabd33ac000 ---p 0000b000 fd:01 17044199                   /lib/x86_64-linux-gnu/libnss_nis-2.27.so
7fabd33ac000-7fabd33ad000 r--p 0000a000 fd:01 17044199                   /lib/x86_64-linux-gnu/libnss_nis-2.27.so
7fabd33ad000-7fabd33ae000 rw-p 0000b000 fd:01 17044199                   /lib/x86_64-linux-gnu/libnss_nis-2.27.so
7fabd33ae000-7fabd33b6000 r-xp 00000000 fd:01 17044195                   /lib/x86_64-linux-gnu/libnss_compat-2.27.so
7fabd33b6000-7fabd35b6000 ---p 00008000 fd:01 17044195                   /lib/x86_64-linux-gnu/libnss_compat-2.27.so
7fabd35b6000-7fabd35b7000 r--p 00008000 fd:01 17044195                   /lib/x86_64-linux-gnu/libnss_compat-2.27.so
7fabd35b7000-7fabd35b8000 rw-p 00009000 fd:01 17044195                   /lib/x86_64-linux-gnu/libnss_compat-2.27.so
7fabd35b8000-7fabd35c2000 r-xp 00000000 fd:01 8654157                    /usr/lib/jvm/java-11-openjdk-amd64/lib/libinstrument.so
7fabd35c2000-7fabd37c1000 ---p 0000a000 fd:01 8654157                    /usr/lib/jvm/java-11-openjdk-amd64/lib/libinstrument.so
7fabd37c1000-7fabd37c2000 r--p 00009000 fd:01 8654157                    /usr/lib/jvm/java-11-openjdk-amd64/lib/libinstrument.so
7fabd37c2000-7fabd37c3000 rw-p 0000a000 fd:01 8654157                    /usr/lib/jvm/java-11-openjdk-amd64/lib/libinstrument.so
7fabd37c3000-7fabd37ec000 r-xp 00000000 fd:01 8654162                    /usr/lib/jvm/java-11-openjdk-amd64/lib/libjava.so
7fabd37ec000-7fabd39eb000 ---p 00029000 fd:01 8654162                    /usr/lib/jvm/java-11-openjdk-amd64/lib/libjava.so
7fabd39eb000-7fabd39ec000 r--p 00028000 fd:01 8654162                    /usr/lib/jvm/java-11-openjdk-amd64/lib/libjava.so
7fabd39ec000-7fabd39ee000 rw-p 00029000 fd:01 8654162                    /usr/lib/jvm/java-11-openjdk-amd64/lib/libjava.so
7fabd39ee000-7fabd39fb000 r-xp 00000000 fd:01 8654182                    /usr/lib/jvm/java-11-openjdk-amd64/lib/libverify.so
7fabd39fb000-7fabd3bfa000 ---p 0000d000 fd:01 8654182                    /usr/lib/jvm/java-11-openjdk-amd64/lib/libverify.so
7fabd3bfa000-7fabd3bfc000 r--p 0000c000 fd:01 8654182                    /usr/lib/jvm/java-11-openjdk-amd64/lib/libverify.so
7fabd3bfc000-7fabd3bfd000 rw-p 0000e000 fd:01 8654182                    /usr/lib/jvm/java-11-openjdk-amd64/lib/libverify.so
7fabd3bfd000-7fabd3c04000 r-xp 00000000 fd:01 17044204                   /lib/x86_64-linux-gnu/librt-2.27.so
7fabd3c04000-7fabd3e03000 ---p 00007000 fd:01 17044204                   /lib/x86_64-linux-gnu/librt-2.27.so
7fabd3e03000-7fabd3e04000 r--p 00006000 fd:01 17044204                   /lib/x86_64-linux-gnu/librt-2.27.so
7fabd3e04000-7fabd3e05000 rw-p 00007000 fd:01 17044204                   /lib/x86_64-linux-gnu/librt-2.27.so
7fabd3e05000-7fabd3e1c000 r-xp 00000000 fd:01 17044054                   /lib/x86_64-linux-gnu/libgcc_s.so.1
7fabd3e1c000-7fabd401b000 ---p 00017000 fd:01 17044054                   /lib/x86_64-linux-gnu/libgcc_s.so.1
7fabd401b000-7fabd401c000 r--p 00016000 fd:01 17044054                   /lib/x86_64-linux-gnu/libgcc_s.so.1
7fabd401c000-7fabd401d000 rw-p 00017000 fd:01 17044054                   /lib/x86_64-linux-gnu/libgcc_s.so.1
7fabd401d000-7fabd41ba000 r-xp 00000000 fd:01 17044191                   /lib/x86_64-linux-gnu/libm-2.27.so
7fabd41ba000-7fabd43b9000 ---p 0019d000 fd:01 17044191                   /lib/x86_64-linux-gnu/libm-2.27.so
7fabd43b9000-7fabd43ba000 r--p 0019c000 fd:01 17044191                   /lib/x86_64-linux-gnu/libm-2.27.so
7fabd43ba000-7fabd43bb000 rw-p 0019d000 fd:01 17044191                   /lib/x86_64-linux-gnu/libm-2.27.so
7fabd43bb000-7fabd4534000 r-xp 00000000 fd:01 6032433                    /usr/lib/x86_64-linux-gnu/libstdc++.so.6.0.25
7fabd4534000-7fabd4734000 ---p 00179000 fd:01 6032433                    /usr/lib/x86_64-linux-gnu/libstdc++.so.6.0.25
7fabd4734000-7fabd473e000 r--p 00179000 fd:01 6032433                    /usr/lib/x86_64-linux-gnu/libstdc++.so.6.0.25
7fabd473e000-7fabd4740000 rw-p 00183000 fd:01 6032433                    /usr/lib/x86_64-linux-gnu/libstdc++.so.6.0.25
7fabd4740000-7fabd4744000 rw-p 00000000 00:00 0 
7fabd4744000-7fabd581d000 r-xp 00000000 fd:01 8785395                    /usr/lib/jvm/java-11-openjdk-amd64/lib/server/libjvm.so
7fabd581d000-7fabd5a1c000 ---p 010d9000 fd:01 8785395                    /usr/lib/jvm/java-11-openjdk-amd64/lib/server/libjvm.so
7fabd5a1c000-7fabd5ad9000 r--p 010d8000 fd:01 8785395                    /usr/lib/jvm/java-11-openjdk-amd64/lib/server/libjvm.so
7fabd5ad9000-7fabd5b13000 rw-p 01195000 fd:01 8785395                    /usr/lib/jvm/java-11-openjdk-amd64/lib/server/libjvm.so
7fabd5b13000-7fabd5b69000 rw-p 00000000 00:00 0 
7fabd5b69000-7fabd5b83000 r-xp 00000000 fd:01 17044202                   /lib/x86_64-linux-gnu/libpthread-2.27.so
7fabd5b83000-7fabd5d82000 ---p 0001a000 fd:01 17044202                   /lib/x86_64-linux-gnu/libpthread-2.27.so
7fabd5d82000-7fabd5d83000 r--p 00019000 fd:01 17044202                   /lib/x86_64-linux-gnu/libpthread-2.27.so
7fabd5d83000-7fabd5d84000 rw-p 0001a000 fd:01 17044202                   /lib/x86_64-linux-gnu/libpthread-2.27.so
7fabd5d84000-7fabd5d88000 rw-p 00000000 00:00 0 
7fabd5d88000-7fabd5d8b000 r-xp 00000000 fd:01 17044131                   /lib/x86_64-linux-gnu/libdl-2.27.so
7fabd5d8b000-7fabd5f8a000 ---p 00003000 fd:01 17044131                   /lib/x86_64-linux-gnu/libdl-2.27.so
7fabd5f8a000-7fabd5f8b000 r--p 00002000 fd:01 17044131                   /lib/x86_64-linux-gnu/libdl-2.27.so
7fabd5f8b000-7fabd5f8c000 rw-p 00003000 fd:01 17044131                   /lib/x86_64-linux-gnu/libdl-2.27.so
7fabd5f8c000-7fabd5fa8000 r-xp 00000000 fd:01 17044190                   /lib/x86_64-linux-gnu/libz.so.1.2.11
7fabd5fa8000-7fabd61a7000 ---p 0001c000 fd:01 17044190                   /lib/x86_64-linux-gnu/libz.so.1.2.11
7fabd61a7000-7fabd61a8000 r--p 0001b000 fd:01 17044190                   /lib/x86_64-linux-gnu/libz.so.1.2.11
7fabd61a8000-7fabd61a9000 rw-p 0001c000 fd:01 17044190                   /lib/x86_64-linux-gnu/libz.so.1.2.11
7fabd61a9000-7fabd6390000 r-xp 00000000 fd:01 17043953                   /lib/x86_64-linux-gnu/libc-2.27.so
7fabd6390000-7fabd6590000 ---p 001e7000 fd:01 17043953                   /lib/x86_64-linux-gnu/libc-2.27.so
7fabd6590000-7fabd6594000 r--p 001e7000 fd:01 17043953                   /lib/x86_64-linux-gnu/libc-2.27.so
7fabd6594000-7fabd6596000 rw-p 001eb000 fd:01 17043953                   /lib/x86_64-linux-gnu/libc-2.27.so
7fabd6596000-7fabd659a000 rw-p 00000000 00:00 0 
7fabd659a000-7fabd65aa000 r-xp 00000000 fd:01 8785046                    /usr/lib/jvm/java-11-openjdk-amd64/lib/jli/libjli.so
7fabd65aa000-7fabd67a9000 ---p 00010000 fd:01 8785046                    /usr/lib/jvm/java-11-openjdk-amd64/lib/jli/libjli.so
7fabd67a9000-7fabd67aa000 r--p 0000f000 fd:01 8785046                    /usr/lib/jvm/java-11-openjdk-amd64/lib/jli/libjli.so
7fabd67aa000-7fabd67ab000 rw-p 00010000 fd:01 8785046                    /usr/lib/jvm/java-11-openjdk-amd64/lib/jli/libjli.so
7fabd67ab000-7fabd67d2000 r-xp 00000000 fd:01 17039376                   /lib/x86_64-linux-gnu/ld-2.27.so
7fabd67e0000-7fabd68aa000 rw-p 00000000 00:00 0 
7fabd68aa000-7fabd68ae000 ---p 00000000 00:00 0 
7fabd68ae000-7fabd69ad000 rw-p 00000000 00:00 0 
7fabd69b8000-7fabd69bd000 rw-p 00000000 00:00 0 
7fabd69bd000-7fabd69c4000 ---p 00000000 00:00 0 
7fabd69c4000-7fabd69c6000 r--s 00007000 fd:01 6427014                    /usr/share/java/java-atk-wrapper.jar
7fabd69c6000-7fabd69ce000 rw-s 00000000 fd:01 28839818                   /tmp/hsperfdata_ro/14209
7fabd69ce000-7fabd69cf000 ---p 00000000 00:00 0 
7fabd69cf000-7fabd69d0000 r--p 00000000 00:00 0 
7fabd69d0000-7fabd69d2000 rw-p 00000000 00:00 0 
7fabd69d2000-7fabd69d3000 r--p 00027000 fd:01 17039376                   /lib/x86_64-linux-gnu/ld-2.27.so
7fabd69d3000-7fabd69d4000 rw-p 00028000 fd:01 17039376                   /lib/x86_64-linux-gnu/ld-2.27.so
7fabd69d4000-7fabd69d5000 rw-p 00000000 00:00 0 
7fff9ec88000-7fff9ecab000 rw-p 00000000 00:00 0                          [stack]
7fff9ecd0000-7fff9ecd3000 r--p 00000000 00:00 0                          [vvar]
7fff9ecd3000-7fff9ecd5000 r-xp 00000000 00:00 0                          [vdso]
ffffffffff600000-ffffffffff601000 r-xp 00000000 00:00 0                  [vsyscall]


VM Arguments:
jvm_args: -javaagent:/home/ro/.m2/repository/org/aspectj/aspectjweaver/1.9.5/aspectjweaver-1.9.5.jar -Xms4G -Xmx8G -ea -Dfile.encoding=UTF-8 -Dawt.useSystemAAFontSettings=on -Dswing.aatext=true -Dswing.defaultlaf=com.sun.java.swing.plaf.gtk.GTKLookAndFeel -Dswing.crossplatformlaf=com.sun.java.swing.plaf.gtk.GTKLookAndFeel 
java_command: org.eclipse.jdt.internal.junit.runner.RemoteTestRunner -version 3 -port 34879 -testLoaderClass org.eclipse.jdt.internal.junit4.runner.JUnit4TestLoader -loaderpluginname org.eclipse.jdt.junit4.runtime -classNames definitions.aspectjtest.FunctionTest
java_class_path (initial): /home/ro/git/definitions/target/test-classes:/home/ro/git/definitions/target/classes:/home/ro/.local/share/Yatta/Launcher/installations/spring-idemaven/plugins/org.junit_4.12.0.v201504281640/junit.jar:/home/ro/.local/share/Yatta/Launcher/installations/spring-idemaven/plugins/org.hamcrest.core_1.3.0.v20180420-1519.jar:/home/ro/.m2/repository/prcssng/template/1.0.0/template-1.0.0.jar:/home/ro/.m2/repository/org/processing/core/3.3.6/core-3.3.6.jar:/home/ro/.m2/repository/org/jogamp/jogl/jogl-all-main/2.3.2/jogl-all-main-2.3.2.jar:/home/ro/.m2/repository/org/jogamp/jogl/jogl-all/2.3.2/jogl-all-2.3.2.jar:/home/ro/.m2/repository/org/jogamp/jogl/jogl-all/2.3.2/jogl-all-2.3.2-natives-android-aarch64.jar:/home/ro/.m2/repository/org/jogamp/jogl/jogl-all/2.3.2/jogl-all-2.3.2-natives-android-armv6.jar:/home/ro/.m2/repository/org/jogamp/jogl/jogl-all/2.3.2/jogl-all-2.3.2-natives-linux-amd64.jar:/home/ro/.m2/repository/org/jogamp/jogl/jogl-all/2.3.2/jogl-all-2.3.2-natives-linux-armv6.jar:/home/ro/.m2/repository/org/jogamp/jogl/jogl-all/2.3.2/jogl-all-2.3.2-natives-linux-armv6hf.jar:/home/ro/.m2/repository/org/jogamp/jogl/jogl-all/2.3.2/jogl-all-2.3.2-natives-linux-i586.jar:/home/ro/.m2/repository/org/jogamp/jogl/jogl-all/2.3.2/jogl-all-2.3.2-natives-macosx-universal.jar:/home/ro/.m2/repository/org/jogamp/jogl/jogl-all/2.3.2/jogl-all-2.3.2-natives-solaris-amd64.jar:/home/ro/.m2/repository/org/jogamp/jogl/jogl-all/2.3.2/jogl-all-2.3.2-natives-solaris-i586.jar:/home/ro/.m2/repository/org/jogamp/jogl/jogl-all/2.3.2/jogl-all-2.3.2-natives-windows-amd64.jar:/home/ro/.m2/repository/org/jogamp/jogl/jogl-all/2.3.2/jogl-all-2.3.2-natives-windows-i586.jar:/home/ro/.m2/repository/org/jogamp/gluegen/gluegen-rt-main/2.3.2/gluegen-rt-main-2.3.2.jar:/home/ro/.m2/repository/org/jogamp/gluegen/gluegen-rt/2.3.2/gluegen-rt-2.3.2.jar:/home/ro/.m2/repository/org/jogamp/gluegen/gluegen-rt/2.3.2/gluegen-rt-2.3.2-natives-android-aarch64.jar:/home/ro/.m2/repository/org/jogamp
Launcher Type: SUN_STANDARD

[Global flags]
     intx CICompilerCount                          = 3                                         {product} {ergonomic}
     uint ConcGCThreads                            = 1                                         {product} {ergonomic}
     uint G1ConcRefinementThreads                  = 4                                         {product} {ergonomic}
   size_t G1HeapRegionSize                         = 2097152                                   {product} {ergonomic}
    uintx GCDrainStackTargetSize                   = 64                                        {product} {ergonomic}
   size_t InitialHeapSize                          = 4294967296                                {product} {command line}
   size_t MarkStackSize                            = 4194304                                   {product} {ergonomic}
   size_t MaxHeapSize                              = 8589934592                                {product} {command line}
   size_t MinHeapDeltaBytes                        = 2097152                                   {product} {ergonomic}
    uintx NonNMethodCodeHeapSize                   = 5830732                                {pd product} {ergonomic}
    uintx NonProfiledCodeHeapSize                  = 122913754                              {pd product} {ergonomic}
    uintx ProfiledCodeHeapSize                     = 122913754                              {pd product} {ergonomic}
    uintx ReservedCodeCacheSize                    = 251658240                              {pd product} {ergonomic}
     bool SegmentedCodeCache                       = true                                      {product} {ergonomic}
     bool UseCompressedClassPointers               = true                                 {lp64_product} {ergonomic}
     bool UseCompressedOops                        = true                                 {lp64_product} {ergonomic}
     bool UseG1GC                                  = true                                      {product} {ergonomic}

Logging:
Log output configuration:
 #0: stdout all=warning uptime,level,tags
 #1: stderr all=off uptime,level,tags

Environment Variables:
_JAVA_OPTIONS=-Dawt.useSystemAAFontSettings=on -Dswing.aatext=true -Dswing.defaultlaf=com.sun.java.swing.plaf.gtk.GTKLookAndFeel -Dswing.crossplatformlaf=com.sun.java.swing.plaf.gtk.GTKLookAndFeel
PATH=/home/ro/.local/bin:/usr/local/sbin:/usr/local/bin:/usr/sbin:/usr/bin:/sbin:/bin:/usr/games:/usr/local/games:/snap/bin
SHELL=/bin/bash
DISPLAY=:0

Signal Handlers:
SIGSEGV: [libjvm.so+0xdf1470], sa_mask[0]=11111111011111111101111111111110, sa_flags=SA_RESTART|SA_SIGINFO
SIGBUS: [libjvm.so+0xdf1470], sa_mask[0]=11111111011111111101111111111110, sa_flags=SA_RESTART|SA_SIGINFO
SIGFPE: [libjvm.so+0xdf1470], sa_mask[0]=11111111011111111101111111111110, sa_flags=SA_RESTART|SA_SIGINFO
SIGPIPE: [libjvm.so+0xbc5560], sa_mask[0]=11111111011111111101111111111110, sa_flags=SA_RESTART|SA_SIGINFO
SIGXFSZ: [libjvm.so+0xbc5560], sa_mask[0]=11111111011111111101111111111110, sa_flags=SA_RESTART|SA_SIGINFO
SIGILL: [libjvm.so+0xdf1470], sa_mask[0]=11111111011111111101111111111110, sa_flags=SA_RESTART|SA_SIGINFO
SIGUSR2: [libjvm.so+0xbc5400], sa_mask[0]=00100000000000000000000000000000, sa_flags=SA_RESTART|SA_SIGINFO
SIGHUP: SIG_DFL, sa_mask[0]=00000000000000000000000000000000, sa_flags=none
SIGINT: SIG_DFL, sa_mask[0]=00000000000000000000000000000000, sa_flags=none
SIGTERM: SIG_DFL, sa_mask[0]=00000000000000000000000000000000, sa_flags=none
SIGQUIT: SIG_DFL, sa_mask[0]=00000000000000000000000000000000, sa_flags=none


---------------  S Y S T E M  ---------------

OS:DISTRIB_ID=Ubuntu
DISTRIB_RELEASE=18.04
DISTRIB_CODENAME=bionic
DISTRIB_DESCRIPTION="Ubuntu 18.04.4 LTS"
uname:Linux 4.15.0-76-generic #86-Ubuntu SMP Fri Jan 17 17:24:28 UTC 2020 x86_64
libc:glibc 2.27 NPTL 2.27 
rlimit: STACK 8192k, CORE 0k, NPROC 30695, NOFILE 1048576, AS infinity, DATA infinity, FSIZE infinity
load average:2.99 2.66 2.41

/proc/meminfo:
MemTotal:        8039188 kB
MemFree:          461376 kB
MemAvailable:    3124012 kB
Buffers:          588684 kB
Cached:          1626492 kB
SwapCached:         4484 kB
Active:          4810016 kB
Inactive:        1324524 kB
Active(anon):    3670372 kB
Inactive(anon):   688456 kB
Active(file):    1139644 kB
Inactive(file):   636068 kB
Unevictable:        1168 kB
Mlocked:            1168 kB
SwapTotal:       1003516 kB
SwapFree:         881652 kB
Dirty:              1540 kB
Writeback:             0 kB
AnonPages:       3917744 kB
Mapped:           868348 kB
Shmem:            440488 kB
Slab:            1265004 kB
SReclaimable:    1188352 kB
SUnreclaim:        76652 kB
KernelStack:       18824 kB
PageTables:        74780 kB
NFS_Unstable:          0 kB
Bounce:                0 kB
WritebackTmp:          0 kB
CommitLimit:     5023108 kB
Committed_AS:   10987588 kB
VmallocTotal:   34359738367 kB
VmallocUsed:           0 kB
VmallocChunk:          0 kB
HardwareCorrupted:     0 kB
AnonHugePages:         0 kB
ShmemHugePages:        0 kB
ShmemPmdMapped:        0 kB
CmaTotal:              0 kB
CmaFree:               0 kB
HugePages_Total:       0
HugePages_Free:        0
HugePages_Rsvd:        0
HugePages_Surp:        0
Hugepagesize:       2048 kB
DirectMap4k:      463140 kB
DirectMap2M:     7796736 kB


/proc/sys/kernel/threads-max (system-wide limit on the number of threads):
61390


/proc/sys/vm/max_map_count (maximum number of memory map areas a process may have):
65530


/proc/sys/kernel/pid_max (system-wide limit on number of process identifiers):
32768



container (cgroup) information:
container_type: cgroupv1
cpu_cpuset_cpus: 0-3
cpu_memory_nodes: 0
active_processor_count: 4
cpu_quota: -1
cpu_period: 100000
cpu_shares: -1
memory_limit_in_bytes: -1
memory_and_swap_limit_in_bytes: -2
memory_soft_limit_in_bytes: -1
memory_usage_in_bytes: 6282330112
memory_max_usage_in_bytes: 167247872

Steal ticks since vm start: 0
Steal ticks percentage since vm start:  0.000

CPU:total 4 (initial active 4) (2 cores per cpu, 2 threads per core) family 6 model 58 stepping 9, cmov, cx8, fxsr, mmx, sse, sse2, sse3, ssse3, sse4.1, sse4.2, popcnt, avx, aes, clmul, erms, ht, tsc, tscinvbit, tscinv
CPU Model and flags from /proc/cpuinfo:
model name	: Intel(R) Core(TM) i5-3320M CPU @ 2.60GHz
flags		: fpu vme de pse tsc msr pae mce cx8 apic sep mtrr pge mca cmov pat pse36 clflush dts acpi mmx fxsr sse sse2 ss ht tm pbe syscall nx rdtscp lm constant_tsc arch_perfmon pebs bts rep_good nopl xtopology nonstop_tsc cpuid aperfmperf pni pclmulqdq dtes64 monitor ds_cpl vmx smx est tm2 ssse3 cx16 xtpr pdcm pcid sse4_1 sse4_2 x2apic popcnt tsc_deadline_timer aes xsave avx f16c rdrand lahf_lm cpuid_fault epb pti ssbd ibrs ibpb stibp tpr_shadow vnmi flexpriority ept vpid fsgsbase smep erms xsaveopt dtherm ida arat pln pts md_clear flush_l1d

Memory: 4k page, physical 8039188k(461128k free), swap 1003516k(881652k free)

vm_info: OpenJDK 64-Bit Server VM (11.0.6+10-post-Ubuntu-1ubuntu118.04.1) for linux-amd64 JRE (11.0.6+10-post-Ubuntu-1ubuntu118.04.1), built on Jan 15 2020 15:14:00 by "unknown" with gcc 7.4.0

END.
